[1012/214604:ERROR:process_reader_win.cc(142)] SuspendThread: アクセスが拒否されました。 (0x5)
[1012/214604:ERROR:process_reader_win.cc(142)] SuspendThread: アクセスが拒否されました。 (0x5)
[1012/214604:ERROR:process_reader_win.cc(142)] SuspendThread: アクセスが拒否されました。 (0x5)
[1012/214604:ERROR:process_reader_win.cc(142)] SuspendThread: アクセスが拒否されました。 (0x5)
[1012/214604:ERROR:process_reader_win.cc(142)] SuspendThread: アクセスが拒否されました。 (0x5)
[1012/214604:ERROR:process_reader_win.cc(142)] SuspendThread: アクセスが拒否されました。 (0x5)
[1012/214604:ERROR:process_reader_win.cc(142)] SuspendThread: アクセスが拒否されました。 (0x5)
[1012/214604:ERROR:process_reader_win.cc(142)] SuspendThread: アクセスが拒否されました。 (0x5)
[1012/214604:ERROR:process_reader_win.cc(142)] SuspendThread: アクセスが拒否されました。 (0x5)
[1012/214604:ERROR:process_reader_win.cc(142)] SuspendThread: アクセスが拒否されました。 (0x5)
[1012/214604:ERROR:process_reader_win.cc(142)] SuspendThread: アクセスが拒否されました。 (0x5)
[1012/214604:ERROR:process_reader_win.cc(142)] SuspendThread: アクセスが拒否されました。 (0x5)
[1012/214604:ERROR:process_reader_win.cc(142)] SuspendThread: アクセスが拒否されました。 (0x5)
[1012/214604:ERROR:process_reader_win.cc(142)] SuspendThread: アクセスが拒否されました。 (0x5)
[1012/214604:ERROR:exception_snapshot_win.cc(87)] thread ID 4808 not found in process
[1012/214604:WARNING:crash_report_exception_handler.cc(56)] ProcessSnapshotWin::Initialize failed
[1012/214604:ERROR:process_reader_win.cc(142)] SuspendThread: アクセスが拒否されました。 (0x5)
[1012/214604:ERROR:exception_snapshot_win.cc(87)] thread ID 6032 not found in process
[1012/214604:WARNING:crash_report_exception_handler.cc(56)] ProcessSnapshotWin::Initialize failed
[1012/214604:ERROR:process_reader_win.cc(233)] ReadMemory at 0x7417eeb0 of 28 bytes failed: ReadProcessMemory 要求または WriteProcessMemory 要求の一部だけを完了しました。 (0x12B)
[1012/214604:WARNING:pe_image_reader.cc(135)] could not read data directory from C:\WINDOWS\System32\msvcrt.dll
[1012/214604:ERROR:process_reader_win.cc(233)] ReadMemory at 0x73f90000 of 64 bytes failed: ReadProcessMemory 要求または WriteProcessMemory 要求の一部だけを完了しました。 (0x12B)
[1012/214604:WARNING:pe_image_reader.cc(281)] could not read dos header from C:\WINDOWS\System32\bcryptPrimitives.dll
[1012/214604:ERROR:process_reader_win.cc(233)] ReadMemory at 0x73d40000 of 64 bytes failed: ReadProcessMemory 要求または WriteProcessMemory 要求の一部だけを完了しました。 (0x12B)
[1012/214604:WARNING:pe_image_reader.cc(281)] could not read dos header from C:\WINDOWS\System32\CRYPTBASE.dll
[1012/214604:ERROR:process_reader_win.cc(233)] ReadMemory at 0x73d50000 of 64 bytes failed: ReadProcessMemory 要求または WriteProcessMemory 要求の一部だけを完了しました。 (0x12B)
[1012/214604:WARNING:pe_image_reader.cc(281)] could not read dos header from C:\WINDOWS\System32\SspiCli.dll
[1012/214604:ERROR:process_reader_win.cc(233)] ReadMemory at 0x73ff0000 of 64 bytes failed: ReadProcessMemory 要求または WriteProcessMemory 要求の一部だけを完了しました。 (0x12B)
[1012/214604:WARNING:pe_image_reader.cc(281)] could not read dos header from C:\WINDOWS\System32\RPCRT4.dll
[1012/214604:ERROR:process_reader_win.cc(233)] ReadMemory at 0x755c0000 of 64 bytes failed: ReadProcessMemory 要求または WriteProcessMemory 要求の一部だけを完了しました。 (0x12B)
[1012/214604:WARNING:pe_image_reader.cc(281)] could not read dos header from C:\WINDOWS\System32\sechost.dll
[1012/214604:ERROR:process_reader_win.cc(233)] ReadMemory at 0x75450000 of 64 bytes failed: ReadProcessMemory 要求または WriteProcessMemory 要求の一部だけを完了しました。 (0x12B)
[1012/214604:WARNING:pe_image_reader.cc(281)] could not read dos header from C:\WINDOWS\System32\ucrtbase.dll
[1012/214604:ERROR:process_reader_win.cc(233)] ReadMemory at 0x75110000 of 64 bytes failed: ReadProcessMemory 要求または WriteProcessMemory 要求の一部だけを完了しました。 (0x12B)
[1012/214604:WARNING:pe_image_reader.cc(281)] could not read dos header from C:\WINDOWS\System32\combase.dll
[1012/214604:ERROR:process_reader_win.cc(233)] ReadMemory at 0x742a0000 of 64 bytes failed: ReadProcessMemory 要求または WriteProcessMemory 要求の一部だけを完了しました。 (0x12B)
[1012/214604:WARNING:pe_image_reader.cc(281)] could not read dos header from C:\WINDOWS\System32\win32u.dll
[1012/214604:ERROR:process_reader_win.cc(233)] ReadMemory at 0x757c0000 of 64 bytes failed: ReadProcessMemory 要求または WriteProcessMemory 要求の一部だけを完了しました。 (0x12B)
[1012/214604:WARNING:pe_image_reader.cc(281)] could not read dos header from C:\WINDOWS\System32\USER32.dll
[1012/214604:ERROR:process_reader_win.cc(233)] ReadMemory at 0x75610000 of 64 bytes failed: ReadProcessMemory 要求または WriteProcessMemory 要求の一部だけを完了しました。 (0x12B)
[1012/214604:WARNING:pe_image_reader.cc(281)] could not read dos header from C:\WINDOWS\System32\gdi32full.dll
[1012/214604:ERROR:process_reader_win.cc(233)] ReadMemory at 0x73e60000 of 64 bytes failed: ReadProcessMemory 要求または WriteProcessMemory 要求の一部だけを完了しました。 (0x12B)
[1012/214604:WARNING:pe_image_reader.cc(281)] could not read dos header from C:\WINDOWS\System32\GDI32.dll
[1012/214604:ERROR:process_reader_win.cc(233)] ReadMemory at 0x74540000 of 64 bytes failed: ReadProcessMemory 要求または WriteProcessMemory 要求の一部だけを完了しました。 (0x12B)
[1012/214604:WARNING:pe_image_reader.cc(281)] could not read dos header from C:\WINDOWS\System32\IMM32.DLL
[1012/214604:ERROR:process_reader_win.cc(233)] ReadMemory at 0x74ea0000 of 64 bytes failed: ReadProcessMemory 要求または WriteProcessMemory 要求の一部だけを完了しました。 (0x12B)
[1012/214604:WARNING:pe_image_reader.cc(281)] could not read dos header from C:\WINDOWS\System32\SHLWAPI.dll
[1012/214604:ERROR:process_reader_win.cc(233)] ReadMemory at 0x72a40000 of 64 bytes failed: ReadProcessMemory 要求または WriteProcessMemory 要求の一部だけを完了しました。 (0x12B)
[1012/214604:WARNING:pe_image_reader.cc(281)] could not read dos header from C:\WINDOWS\SYSTEM32\UxTheme.dll
[1012/214604:ERROR:process_reader_win.cc(233)] ReadMemory at 0x740c0000 of 64 bytes failed: ReadProcessMemory 要求または WriteProcessMemory 要求の一部だけを完了しました。 (0x12B)
[1012/214604:WARNING:pe_image_reader.cc(281)] could not read dos header from C:\WINDOWS\System32\cfgmgr32.dll
[1012/214604:ERROR:process_reader_win.cc(233)] ReadMemory at 0x73130000 of 64 bytes failed: ReadProcessMemory 要求または WriteProcessMemory 要求の一部だけを完了しました。 (0x12B)
[1012/214604:WARNING:pe_image_reader.cc(281)] could not read dos header from C:\WINDOWS\SYSTEM32\WINMMBASE.dll
[1012/214604:ERROR:process_reader_win.cc(233)] ReadMemory at 0x73180000 of 64 bytes failed: ReadProcessMemory 要求または WriteProcessMemory 要求の一部だけを完了しました。 (0x12B)
[1012/214604:WARNING:pe_image_reader.cc(281)] could not read dos header from C:\WINDOWS\SYSTEM32\WINMM.dll
[1012/214604:ERROR:process_reader_win.cc(233)] ReadMemory at 0x72a20000 of 64 bytes failed: ReadProcessMemory 要求または WriteProcessMemory 要求の一部だけを完了しました。 (0x12B)
[1012/214604:WARNING:pe_image_reader.cc(281)] could not read dos header from C:\WINDOWS\SYSTEM32\samcli.dll
[1012/214604:ERROR:process_reader_win.cc(233)] ReadMemory at 0x73d70000 of 64 bytes failed: ReadProcessMemory 要求または WriteProcessMemory 要求の一部だけを完了しました。 (0x12B)
[1012/214604:WARNING:pe_image_reader.cc(281)] could not read dos header from C:\WINDOWS\System32\ole32.dll
[1012/214604:ERROR:process_reader_win.cc(233)] ReadMemory at 0x75530000 of 64 bytes failed: ReadProcessMemory 要求または WriteProcessMemory 要求の一部だけを完了しました。 (0x12B)
[1012/214604:WARNING:pe_image_reader.cc(281)] could not read dos header from C:\WINDOWS\System32\msvcp_win.dll
[1012/214604:ERROR:process_reader_win.cc(233)] ReadMemory at 0x74650000 of 64 bytes failed: ReadProcessMemory 要求または WriteProcessMemory 要求の一部だけを完了しました。 (0x12B)
[1012/214604:WARNING:pe_image_reader.cc(281)] could not read dos header from C:\WINDOWS\System32\OLEAUT32.dll
[1012/214604:ERROR:process_reader_win.cc(233)] ReadMemory at 0x745d0000 of 64 bytes failed: ReadProcessMemory 要求または WriteProcessMemory 要求の一部だけを完了しました。 (0x12B)
[1012/214604:WARNING:pe_image_reader.cc(281)] could not read dos header from C:\WINDOWS\System32\advapi32.dll
[1012/214604:ERROR:process_reader_win.cc(233)] ReadMemory at 0x72a00000 of 64 bytes failed: ReadProcessMemory 要求または WriteProcessMemory 要求の一部だけを完了しました。 (0x12B)
[1012/214604:WARNING:pe_image_reader.cc(281)] could not read dos header from C:\WINDOWS\SYSTEM32\MSACM32.dll
[1012/214604:ERROR:process_reader_win.cc(233)] ReadMemory at 0x732e0000 of 64 bytes failed: ReadProcessMemory 要求または WriteProcessMemory 要求の一部だけを完了しました。 (0x12B)
[1012/214604:WARNING:pe_image_reader.cc(281)] could not read dos header from C:\WINDOWS\SYSTEM32\VERSION.dll
[1012/214604:ERROR:process_reader_win.cc(233)] ReadMemory at 0x74100000 of 64 bytes failed: ReadProcessMemory 要求または WriteProcessMemory 要求の一部だけを完了しました。 (0x12B)
[1012/214604:WARNING:pe_image_reader.cc(281)] could not read dos header from C:\WINDOWS\System32\powrprof.dll
[1012/214604:ERROR:process_reader_win.cc(233)] ReadMemory at 0x75440000 of 64 bytes failed: ReadProcessMemory 要求または WriteProcessMemory 要求の一部だけを完了しました。 (0x12B)
[1012/214604:WARNING:pe_image_reader.cc(281)] could not read dos header from C:\WINDOWS\System32\kernel.appcore.dll
[1012/214604:ERROR:process_reader_win.cc(233)] ReadMemory at 0x74210000 of 64 bytes failed: ReadProcessMemory 要求または WriteProcessMemory 要求の一部だけを完了しました。 (0x12B)
[1012/214604:WARNING:pe_image_reader.cc(281)] could not read dos header from C:\WINDOWS\System32\shcore.dll
[1012/214604:ERROR:process_reader_win.cc(233)] ReadMemory at 0x74a10000 of 64 bytes failed: ReadProcessMemory 要求または WriteProcessMemory 要求の一部だけを完了しました。 (0x12B)
[1012/214604:WARNING:pe_image_reader.cc(281)] could not read dos header from C:\WINDOWS\System32\profapi.dll
[1012/214604:ERROR:process_reader_win.cc(233)] ReadMemory at 0x75940000 of 64 bytes failed: ReadProcessMemory 要求または WriteProcessMemory 要求の一部だけを完了しました。 (0x12B)
[1012/214604:WARNING:pe_image_reader.cc(281)] could not read dos header from C:\WINDOWS\System32\windows.storage.dll
[1012/214604:ERROR:process_reader_win.cc(233)] ReadMemory at 0x75eb0000 of 64 bytes failed: ReadProcessMemory 要求または WriteProcessMemory 要求の一部だけを完了しました。 (0x12B)
[1012/214604:WARNING:pe_image_reader.cc(281)] could not read dos header from C:\WINDOWS\System32\SHELL32.dll
[1012/214604:ERROR:process_reader_win.cc(233)] ReadMemory at 0x73280000 of 64 bytes failed: ReadProcessMemory 要求または WriteProcessMemory 要求の一部だけを完了しました。 (0x12B)
[1012/214604:WARNING:pe_image_reader.cc(281)] could not read dos header from C:\WINDOWS\SYSTEM32\USERENV.dll
[1012/214604:ERROR:process_reader_win.cc(233)] ReadMemory at 0x72940000 of 64 bytes failed: ReadProcessMemory 要求または WriteProcessMemory 要求の一部だけを完了しました。 (0x12B)
[1012/214604:WARNING:pe_image_reader.cc(281)] could not read dos header from C:\WINDOWS\SYSTEM32\dwmapi.dll
[1012/214604:ERROR:process_reader_win.cc(233)] ReadMemory at 0x72d20000 of 64 bytes failed: ReadProcessMemory 要求または WriteProcessMemory 要求の一部だけを完了しました。 (0x12B)
[1012/214604:WARNING:pe_image_reader.cc(281)] could not read dos header from C:\WINDOWS\SYSTEM32\iertutil.dll
[1012/214604:ERROR:process_reader_win.cc(233)] ReadMemory at 0x72f90000 of 64 bytes failed: ReadProcessMemory 要求または WriteProcessMemory 要求の一部だけを完了しました。 (0x12B)
[1012/214604:WARNING:pe_image_reader.cc(281)] could not read dos header from C:\WINDOWS\SYSTEM32\urlmon.dll
[1012/214604:ERROR:process_reader_win.cc(233)] ReadMemory at 0x72f50000 of 64 bytes failed: ReadProcessMemory 要求または WriteProcessMemory 要求の一部だけを完了しました。 (0x12B)
[1012/214604:WARNING:pe_image_reader.cc(281)] could not read dos header from C:\WINDOWS\SYSTEM32\bcrypt.dll
[1012/214604:ERROR:process_reader_win.cc(233)] ReadMemory at 0x72500000 of 64 bytes failed: ReadProcessMemory 要求または WriteProcessMemory 要求の一部だけを完了しました。 (0x12B)
[1012/214604:WARNING:pe_image_reader.cc(281)] could not read dos header from C:\WINDOWS\SYSTEM32\WINSPOOL.DRV
[1012/214604:ERROR:process_reader_win.cc(233)] ReadMemory at 0x72980000 of 64 bytes failed: ReadProcessMemory 要求または WriteProcessMemory 要求の一部だけを完了しました。 (0x12B)
[1012/214604:WARNING:pe_image_reader.cc(281)] could not read dos header from C:\WINDOWS\SYSTEM32\MPR.dll
[1012/214604:ERROR:process_reader_win.cc(233)] ReadMemory at 0x724b0000 of 64 bytes failed: ReadProcessMemory 要求または WriteProcessMemory 要求の一部だけを完了しました。 (0x12B)
[1012/214604:WARNING:pe_image_reader.cc(281)] could not read dos header from C:\Program Files (x86)\Google\Chrome\Application\53.0.2785.143\chrome_elf.dll
[1012/214604:ERROR:process_reader_win.cc(233)] ReadMemory at 0x732d0000 of 64 bytes failed: ReadProcessMemory 要求または WriteProcessMemory 要求の一部だけを完了しました。 (0x12B)
[1012/214604:WARNING:pe_image_reader.cc(281)] could not read dos header from C:\WINDOWS\SYSTEM32\WTSAPI32.dll
[1012/214604:ERROR:process_reader_win.cc(233)] ReadMemory at 0x731e0000 of 64 bytes failed: ReadProcessMemory 要求または WriteProcessMemory 要求の一部だけを完了しました。 (0x12B)
[1012/214604:WARNING:pe_image_reader.cc(281)] could not read dos header from C:\WINDOWS\SYSTEM32\WINHTTP.dll
[1012/214604:ERROR:process_reader_win.cc(233)] ReadMemory at 0x72460000 of 64 bytes failed: ReadProcessMemory 要求または WriteProcessMemory 要求の一部だけを完了しました。 (0x12B)
[1012/214604:WARNING:pe_image_reader.cc(281)] could not read dos header from C:\WINDOWS\SYSTEM32\ninput.dll
[1012/214604:ERROR:process_reader_win.cc(233)] ReadMemory at 0x74440000 of 64 bytes failed: ReadProcessMemory 要求または WriteProcessMemory 要求の一部だけを完了しました。 (0x12B)
[1012/214604:WARNING:pe_image_reader.cc(281)] could not read dos header from C:\WINDOWS\System32\PSAPI.DLL
[1012/214604:ERROR:process_reader_win.cc(233)] ReadMemory at 0x72b10000 of 64 bytes failed: ReadProcessMemory 要求または WriteProcessMemory 要求の一部だけを完了しました。 (0x12B)
[1012/214604:WARNING:pe_image_reader.cc(281)] could not read dos header from C:\WINDOWS\WinSxS\x86_microsoft.windows.common-controls_6595b64144ccf1df_6.0.14393.0_none_74bc87d3d22d9abe\COMCTL32.dll
[1012/214604:ERROR:process_reader_win.cc(233)] ReadMemory at 0x73e90000 of 64 bytes failed: ReadProcessMemory 要求または WriteProcessMemory 要求の一部だけを完了しました。 (0x12B)
[1012/214604:WARNING:pe_image_reader.cc(281)] could not read dos header from C:\WINDOWS\System32\COMDLG32.dll
[1012/214604:ERROR:process_reader_win.cc(233)] ReadMemory at 0x732a0000 of 64 bytes failed: ReadProcessMemory 要求または WriteProcessMemory 要求の一部だけを完了しました。 (0x12B)
[1012/214604:WARNING:pe_image_reader.cc(281)] could not read dos header from C:\WINDOWS\SYSTEM32\IPHLPAPI.DLL
[1012/214604:ERROR:process_reader_win.cc(233)] ReadMemory at 0x753d0000 of 64 bytes failed: ReadProcessMemory 要求または WriteProcessMemory 要求の一部だけを完了しました。 (0x12B)
[1012/214604:WARNING:pe_image_reader.cc(281)] could not read dos header from C:\WINDOWS\System32\WS2_32.dll
[1012/214604:ERROR:process_reader_win.cc(233)] ReadMemory at 0x72440000 of 64 bytes failed: ReadProcessMemory 要求または WriteProcessMemory 要求の一部だけを完了しました。 (0x12B)
[1012/214604:WARNING:pe_image_reader.cc(281)] could not read dos header from C:\WINDOWS\SYSTEM32\USP10.dll
[1012/214604:ERROR:process_reader_win.cc(233)] ReadMemory at 0x755b0000 of 64 bytes failed: ReadProcessMemory 要求または WriteProcessMemory 要求の一部だけを完了しました。 (0x12B)
[1012/214604:WARNING:pe_image_reader.cc(281)] could not read dos header from C:\WINDOWS\System32\MSASN1.dll
[1012/214604:ERROR:process_reader_win.cc(233)] ReadMemory at 0x742c0000 of 64 bytes failed: ReadProcessMemory 要求または WriteProcessMemory 要求の一部だけを完了しました。 (0x12B)
[1012/214604:WARNING:pe_image_reader.cc(281)] could not read dos header from C:\WINDOWS\System32\CRYPT32.dll
[1012/214604:ERROR:process_reader_win.cc(233)] ReadMemory at 0x75770000 of 64 bytes failed: ReadProcessMemory 要求または WriteProcessMemory 要求の一部だけを完了しました。 (0x12B)
[1012/214604:WARNING:pe_image_reader.cc(281)] could not read dos header from C:\WINDOWS\System32\WINTRUST.dll
[1012/214604:ERROR:process_reader_win.cc(233)] ReadMemory at 0x731b0000 of 64 bytes failed: ReadProcessMemory 要求または WriteProcessMemory 要求の一部だけを完了しました。 (0x12B)
[1012/214604:WARNING:pe_image_reader.cc(281)] could not read dos header from C:\WINDOWS\SYSTEM32\Secur32.dll
[1012/214604:ERROR:process_reader_win.cc(233)] ReadMemory at 0x6b520000 of 64 bytes failed: ReadProcessMemory 要求または WriteProcessMemory 要求の一部だけを完了しました。 (0x12B)
[1012/214604:WARNING:pe_image_reader.cc(281)] could not read dos header from C:\Program Files (x86)\Google\Chrome\Application\53.0.2785.143\chrome_child.dll
[1012/214604:ERROR:process_reader_win.cc(233)] ReadMemory at 0x721d0000 of 64 bytes failed: ReadProcessMemory 要求または WriteProcessMemory 要求の一部だけを完了しました。 (0x12B)
[1012/214604:WARNING:pe_image_reader.cc(281)] could not read dos header from C:\WINDOWS\SYSTEM32\dwrite.dll
[1012/214604:ERROR:process_reader_win.cc(233)] ReadMemory at 0x7739ec20 of 5888 bytes failed: ReadProcessMemory 要求または WriteProcessMemory 要求の一部だけを完了しました。 (0x12B)
[1012/214604:ERROR:process_reader_win.cc(233)] ReadMemory at 0xd40000 of 64 bytes failed: ReadProcessMemory 要求または WriteProcessMemory 要求の一部だけを完了しました。 (0x12B)
[1012/214604:WARNING:pe_image_reader.cc(281)] could not read dos header from C:\Program Files (x86)\Google\Chrome\Application\chrome.exe
[1012/214604:ERROR:process_reader_win.cc(233)] ReadMemory at 0x77290000 of 64 bytes failed: ReadProcessMemory 要求または WriteProcessMemory 要求の一部だけを完了しました。 (0x12B)
[1012/214604:WARNING:pe_image_reader.cc(281)] could not read dos header from C:\WINDOWS\SYSTEM32\ntdll.dll
[1012/214604:ERROR:process_reader_win.cc(233)] ReadMemory at 0x74860000 of 64 bytes failed: ReadProcessMemory 要求または WriteProcessMemory 要求の一部だけを完了しました。 (0x12B)
[1012/214604:WARNING:pe_image_reader.cc(281)] could not read dos header from C:\WINDOWS\System32\KERNELBASE.dll
[1012/214604:ERROR:process_reader_win.cc(233)] ReadMemory at 0x75030000 of 64 bytes failed: ReadProcessMemory 要求または WriteProcessMemory 要求の一部だけを完了しました。 (0x12B)
[1012/214604:WARNING:pe_image_reader.cc(281)] could not read dos header from C:\WINDOWS\System32\KERNEL32.DLL
[1012/214604:ERROR:process_reader_win.cc(233)] ReadMemory at 0x727e0000 of 64 bytes failed: ReadProcessMemory 要求または WriteProcessMemory 要求の一部だけを完了しました。 (0x12B)
[1012/214604:WARNING:pe_image_reader.cc(281)] could not read dos header from C:\WINDOWS\system32\apphelp.dll
[1012/214604:ERROR:process_reader_win.cc(233)] ReadMemory at 0x72570000 of 64 bytes failed: ReadProcessMemory 要求または WriteProcessMemory 要求の一部だけを完了しました。 (0x12B)
[1012/214604:WARNING:pe_image_reader.cc(281)] could not read dos header from C:\WINDOWS\AppPatch\AcGenral.dll
[1012/214604:ERROR:process_reader_win.cc(233)] ReadMemory at 0x74150000 of 64 bytes failed: ReadProcessMemory 要求または WriteProcessMemory 要求の一部だけを完了しました。 (0x12B)
[1012/214604:WARNING:pe_image_reader.cc(281)] could not read dos header from C:\WINDOWS\System32\msvcrt.dll
[1012/214604:ERROR:process_reader_win.cc(233)] ReadMemory at 0x73f90000 of 64 bytes failed: ReadProcessMemory 要求または WriteProcessMemory 要求の一部だけを完了しました。 (0x12B)
[1012/214604:WARNING:pe_image_reader.cc(281)] could not read dos header from C:\WINDOWS\System32\bcryptPrimitives.dll
[1012/214604:ERROR:process_reader_win.cc(233)] ReadMemory at 0x73d40000 of 64 bytes failed: ReadProcessMemory 要求または WriteProcessMemory 要求の一部だけを完了しました。 (0x12B)
[1012/214604:WARNING:pe_image_reader.cc(281)] could not read dos header from C:\WINDOWS\System32\CRYPTBASE.dll
[1012/214604:ERROR:process_reader_win.cc(233)] ReadMemory at 0x73d50000 of 64 bytes failed: ReadProcessMemory 要求または WriteProcessMemory 要求の一部だけを完了しました。 (0x12B)
[1012/214604:WARNING:pe_image_reader.cc(281)] could not read dos header from C:\WINDOWS\System32\SspiCli.dll
[1012/214604:ERROR:process_reader_win.cc(233)] ReadMemory at 0x73ff0000 of 64 bytes failed: ReadProcessMemory 要求または WriteProcessMemory 要求の一部だけを完了しました。 (0x12B)
[1012/214604:WARNING:pe_image_reader.cc(281)] could not read dos header from C:\WINDOWS\System32\RPCRT4.dll
[1012/214604:ERROR:process_reader_win.cc(233)] ReadMemory at 0x755c0000 of 64 bytes failed: ReadProcessMemory 要求または WriteProcessMemory 要求の一部だけを完了しました。 (0x12B)
[1012/214604:WARNING:pe_image_reader.cc(281)] could not read dos header from C:\WINDOWS\System32\sechost.dll
[1012/214604:ERROR:process_reader_win.cc(233)] ReadMemory at 0x75450000 of 64 bytes failed: ReadProcessMemory 要求または WriteProcessMemory 要求の一部だけを完了しました。 (0x12B)
[1012/214604:WARNING:pe_image_reader.cc(281)] could not read dos header from C:\WINDOWS\System32\ucrtbase.dll
[1012/214604:ERROR:process_reader_win.cc(233)] ReadMemory at 0x75110000 of 64 bytes failed: ReadProcessMemory 要求または WriteProcessMemory 要求の一部だけを完了しました。 (0x12B)
[1012/214604:WARNING:pe_image_reader.cc(281)] could not read dos header from C:\WINDOWS\System32\combase.dll
[1012/214604:ERROR:process_reader_win.cc(233)] ReadMemory at 0x742a0000 of 64 bytes failed: ReadProcessMemory 要求または WriteProcessMemory 要求の一部だけを完了しました。 (0x12B)
[1012/214604:WARNING:pe_image_reader.cc(281)] could not read dos header from C:\WINDOWS\System32\win32u.dll
[1012/214604:ERROR:process_reader_win.cc(233)] ReadMemory at 0x757c0000 of 64 bytes failed: ReadProcessMemory 要求または WriteProcessMemory 要求の一部だけを完了しました。 (0x12B)
[1012/214604:WARNING:pe_image_reader.cc(281)] could not read dos header from C:\WINDOWS\System32\USER32.dll
[1012/214604:ERROR:process_reader_win.cc(233)] ReadMemory at 0x75610000 of 64 bytes failed: ReadProcessMemory 要求または WriteProcessMemory 要求の一部だけを完了しました。 (0x12B)
[1012/214604:WARNING:pe_image_reader.cc(281)] could not read dos header from C:\WINDOWS\System32\gdi32full.dll
[1012/214604:ERROR:process_reader_win.cc(233)] ReadMemory at 0x73e60000 of 64 bytes failed: ReadProcessMemory 要求または WriteProcessMemory 要求の一部だけを完了しました。 (0x12B)
[1012/214604:WARNING:pe_image_reader.cc(281)] could not read dos header from C:\WINDOWS\System32\GDI32.dll
[1012/214604:ERROR:process_reader_win.cc(233)] ReadMemory at 0x74540000 of 64 bytes failed: ReadProcessMemory 要求または WriteProcessMemory 要求の一部だけを完了しました。 (0x12B)
[1012/214604:WARNING:pe_image_reader.cc(281)] could not read dos header from C:\WINDOWS\System32\IMM32.DLL
[1012/214604:ERROR:process_reader_win.cc(233)] ReadMemory at 0x74ea0000 of 64 bytes failed: ReadProcessMemory 要求または WriteProcessMemory 要求の一部だけを完了しました。 (0x12B)
[1012/214604:WARNING:pe_image_reader.cc(281)] could not read dos header from C:\WINDOWS\System32\SHLWAPI.dll
[1012/214604:ERROR:process_reader_win.cc(233)] ReadMemory at 0x72a40000 of 64 bytes failed: ReadProcessMemory 要求または WriteProcessMemory 要求の一部だけを完了しました。 (0x12B)
[1012/214604:WARNING:pe_image_reader.cc(281)] could not read dos header from C:\WINDOWS\SYSTEM32\UxTheme.dll
[1012/214604:ERROR:process_reader_win.cc(233)] ReadMemory at 0x740c0000 of 64 bytes failed: ReadProcessMemory 要求または WriteProcessMemory 要求の一部だけを完了しました。 (0x12B)
[1012/214604:WARNING:pe_image_reader.cc(281)] could not read dos header from C:\WINDOWS\System32\cfgmgr32.dll
[1012/214604:ERROR:process_reader_win.cc(233)] ReadMemory at 0x73130000 of 64 bytes failed: ReadProcessMemory 要求または WriteProcessMemory 要求の一部だけを完了しました。 (0x12B)
[1012/214604:WARNING:pe_image_reader.cc(281)] could not read dos header from C:\WINDOWS\SYSTEM32\WINMMBASE.dll
[1012/214604:ERROR:process_reader_win.cc(233)] ReadMemory at 0x73180000 of 64 bytes failed: ReadProcessMemory 要求または WriteProcessMemory 要求の一部だけを完了しました。 (0x12B)
[1012/214604:WARNING:pe_image_reader.cc(281)] could not read dos header from C:\WINDOWS\SYSTEM32\WINMM.dll
[1012/214604:ERROR:process_reader_win.cc(233)] ReadMemory at 0x72a20000 of 64 bytes failed: ReadProcessMemory 要求または WriteProcessMemory 要求の一部だけを完了しました。 (0x12B)
[1012/214604:WARNING:pe_image_reader.cc(281)] could not read dos header from C:\WINDOWS\SYSTEM32\samcli.dll
[1012/214604:ERROR:process_reader_win.cc(233)] ReadMemory at 0x73d70000 of 64 bytes failed: ReadProcessMemory 要求または WriteProcessMemory 要求の一部だけを完了しました。 (0x12B)
[1012/214604:WARNING:pe_image_reader.cc(281)] could not read dos header from C:\WINDOWS\System32\ole32.dll
[1012/214604:ERROR:process_reader_win.cc(233)] ReadMemory at 0x75530000 of 64 bytes failed: ReadProcessMemory 要求または WriteProcessMemory 要求の一部だけを完了しました。 (0x12B)
[1012/214604:WARNING:pe_image_reader.cc(281)] could not read dos header from C:\WINDOWS\System32\msvcp_win.dll
[1012/214604:ERROR:process_reader_win.cc(233)] ReadMemory at 0x74650000 of 64 bytes failed: ReadProcessMemory 要求または WriteProcessMemory 要求の一部だけを完了しました。 (0x12B)
[1012/214604:WARNING:pe_image_reader.cc(281)] could not read dos header from C:\WINDOWS\System32\OLEAUT32.dll
[1012/214604:ERROR:process_reader_win.cc(233)] ReadMemory at 0x745d0000 of 64 bytes failed: ReadProcessMemory 要求または WriteProcessMemory 要求の一部だけを完了しました。 (0x12B)
[1012/214604:WARNING:pe_image_reader.cc(281)] could not read dos header from C:\WINDOWS\System32\advapi32.dll
[1012/214604:ERROR:process_reader_win.cc(233)] ReadMemory at 0x72a00000 of 64 bytes failed: ReadProcessMemory 要求または WriteProcessMemory 要求の一部だけを完了しました。 (0x12B)
[1012/214604:WARNING:pe_image_reader.cc(281)] could not read dos header from C:\WINDOWS\SYSTEM32\MSACM32.dll
[1012/214604:ERROR:process_reader_win.cc(233)] ReadMemory at 0x732e0000 of 64 bytes failed: ReadProcessMemory 要求または WriteProcessMemory 要求の一部だけを完了しました。 (0x12B)
[1012/214604:WARNING:pe_image_reader.cc(281)] could not read dos header from C:\WINDOWS\SYSTEM32\VERSION.dll
[1012/214604:ERROR:process_reader_win.cc(233)] ReadMemory at 0x74100000 of 64 bytes failed: ReadProcessMemory 要求または WriteProcessMemory 要求の一部だけを完了しました。 (0x12B)
[1012/214604:WARNING:pe_image_reader.cc(281)] could not read dos header from C:\WINDOWS\System32\powrprof.dll
[1012/214604:ERROR:process_reader_win.cc(233)] ReadMemory at 0x75440000 of 64 bytes failed: ReadProcessMemory 要求または WriteProcessMemory 要求の一部だけを完了しました。 (0x12B)
[1012/214604:WARNING:pe_image_reader.cc(281)] could not read dos header from C:\WINDOWS\System32\kernel.appcore.dll
[1012/214604:ERROR:process_reader_win.cc(233)] ReadMemory at 0x74210000 of 64 bytes failed: ReadProcessMemory 要求または WriteProcessMemory 要求の一部だけを完了しました。 (0x12B)
[1012/214604:WARNING:pe_image_reader.cc(281)] could not read dos header from C:\WINDOWS\System32\shcore.dll
[1012/214604:ERROR:process_reader_win.cc(233)] ReadMemory at 0x74a10000 of 64 bytes failed: ReadProcessMemory 要求または WriteProcessMemory 要求の一部だけを完了しました。 (0x12B)
[1012/214604:WARNING:pe_image_reader.cc(281)] could not read dos header from C:\WINDOWS\System32\profapi.dll
[1012/214604:ERROR:process_reader_win.cc(233)] ReadMemory at 0x75940000 of 64 bytes failed: ReadProcessMemory 要求または WriteProcessMemory 要求の一部だけを完了しました。 (0x12B)
[1012/214604:WARNING:pe_image_reader.cc(281)] could not read dos header from C:\WINDOWS\System32\windows.storage.dll
[1012/214604:ERROR:process_reader_win.cc(233)] ReadMemory at 0x75eb0000 of 64 bytes failed: ReadProcessMemory 要求または WriteProcessMemory 要求の一部だけを完了しました。 (0x12B)
[1012/214604:WARNING:pe_image_reader.cc(281)] could not read dos header from C:\WINDOWS\System32\SHELL32.dll
[1012/214604:ERROR:process_reader_win.cc(233)] ReadMemory at 0x73280000 of 64 bytes failed: ReadProcessMemory 要求または WriteProcessMemory 要求の一部だけを完了しました。 (0x12B)
[1012/214604:WARNING:pe_image_reader.cc(281)] could not read dos header from C:\WINDOWS\SYSTEM32\USERENV.dll
[1012/214604:ERROR:process_reader_win.cc(233)] ReadMemory at 0x72940000 of 64 bytes failed: ReadProcessMemory 要求または WriteProcessMemory 要求の一部だけを完了しました。 (0x12B)
[1012/214604:WARNING:pe_image_reader.cc(281)] could not read dos header from C:\WINDOWS\SYSTEM32\dwmapi.dll
[1012/214604:ERROR:process_reader_win.cc(233)] ReadMemory at 0x72d20000 of 64 bytes failed: ReadProcessMemory 要求または WriteProcessMemory 要求の一部だけを完了しました。 (0x12B)
[1012/214604:WARNING:pe_image_reader.cc(281)] could not read dos header from C:\WINDOWS\SYSTEM32\iertutil.dll
[1012/214604:ERROR:process_reader_win.cc(233)] ReadMemory at 0x72f90000 of 64 bytes failed: ReadProcessMemory 要求または WriteProcessMemory 要求の一部だけを完了しました。 (0x12B)
[1012/214604:WARNING:pe_image_reader.cc(281)] could not read dos header from C:\WINDOWS\SYSTEM32\urlmon.dll
[1012/214604:ERROR:process_reader_win.cc(233)] ReadMemory at 0x72f50000 of 64 bytes failed: ReadProcessMemory 要求または WriteProcessMemory 要求の一部だけを完了しました。 (0x12B)
[1012/214604:WARNING:pe_image_reader.cc(281)] could not read dos header from C:\WINDOWS\SYSTEM32\bcrypt.dll
[1012/214604:ERROR:process_reader_win.cc(233)] ReadMemory at 0x72500000 of 64 bytes failed: ReadProcessMemory 要求または WriteProcessMemory 要求の一部だけを完了しました。 (0x12B)
[1012/214604:WARNING:pe_image_reader.cc(281)] could not read dos header from C:\WINDOWS\SYSTEM32\WINSPOOL.DRV
[1012/214604:ERROR:process_reader_win.cc(233)] ReadMemory at 0x72980000 of 64 bytes failed: ReadProcessMemory 要求または WriteProcessMemory 要求の一部だけを完了しました。 (0x12B)
[1012/214604:WARNING:pe_image_reader.cc(281)] could not read dos header from C:\WINDOWS\SYSTEM32\MPR.dll
[1012/214604:ERROR:process_reader_win.cc(233)] ReadMemory at 0x724b0000 of 64 bytes failed: ReadProcessMemory 要求または WriteProcessMemory 要求の一部だけを完了しました。 (0x12B)
[1012/214604:WARNING:pe_image_reader.cc(281)] could not read dos header from C:\Program Files (x86)\Google\Chrome\Application\53.0.2785.143\chrome_elf.dll
[1012/214604:ERROR:process_reader_win.cc(233)] ReadMemory at 0x732d0000 of 64 bytes failed: ReadProcessMemory 要求または WriteProcessMemory 要求の一部だけを完了しました。 (0x12B)
[1012/214604:WARNING:pe_image_reader.cc(281)] could not read dos header from C:\WINDOWS\SYSTEM32\WTSAPI32.dll
[1012/214604:ERROR:process_reader_win.cc(233)] ReadMemory at 0x731e0000 of 64 bytes failed: ReadProcessMemory 要求または WriteProcessMemory 要求の一部だけを完了しました。 (0x12B)
[1012/214604:WARNING:pe_image_reader.cc(281)] could not read dos header from C:\WINDOWS\SYSTEM32\WINHTTP.dll
[1012/214604:ERROR:process_reader_win.cc(233)] ReadMemory at 0x72460000 of 64 bytes failed: ReadProcessMemory 要求または WriteProcessMemory 要求の一部だけを完了しました。 (0x12B)
[1012/214604:WARNING:pe_image_reader.cc(281)] could not read dos header from C:\WINDOWS\SYSTEM32\ninput.dll
[1012/214604:ERROR:process_reader_win.cc(233)] ReadMemory at 0x74440000 of 64 bytes failed: ReadProcessMemory 要求または WriteProcessMemory 要求の一部だけを完了しました。 (0x12B)
[1012/214604:WARNING:pe_image_reader.cc(281)] could not read dos header from C:\WINDOWS\System32\PSAPI.DLL
[1012/214604:ERROR:process_reader_win.cc(233)] ReadMemory at 0x72b10000 of 64 bytes failed: ReadProcessMemory 要求または WriteProcessMemory 要求の一部だけを完了しました。 (0x12B)
[1012/214604:WARNING:pe_image_reader.cc(281)] could not read dos header from C:\WINDOWS\WinSxS\x86_microsoft.windows.common-controls_6595b64144ccf1df_6.0.14393.0_none_74bc87d3d22d9abe\COMCTL32.dll
[1012/214604:ERROR:process_reader_win.cc(233)] ReadMemory at 0x73e90000 of 64 bytes failed: ReadProcessMemory 要求または WriteProcessMemory 要求の一部だけを完了しました。 (0x12B)
[1012/214604:WARNING:pe_image_reader.cc(281)] could not read dos header from C:\WINDOWS\System32\COMDLG32.dll
[1012/214604:ERROR:process_reader_win.cc(233)] ReadMemory at 0x732a0000 of 64 bytes failed: ReadProcessMemory 要求または WriteProcessMemory 要求の一部だけを完了しました。 (0x12B)
[1012/214604:WARNING:pe_image_reader.cc(281)] could not read dos header from C:\WINDOWS\SYSTEM32\IPHLPAPI.DLL
[1012/214604:ERROR:process_reader_win.cc(233)] ReadMemory at 0x753d0000 of 64 bytes failed: ReadProcessMemory 要求または WriteProcessMemory 要求の一部だけを完了しました。 (0x12B)
[1012/214604:WARNING:pe_image_reader.cc(281)] could not read dos header from C:\WINDOWS\System32\WS2_32.dll
[1012/214604:ERROR:process_reader_win.cc(233)] ReadMemory at 0x72440000 of 64 bytes failed: ReadProcessMemory 要求または WriteProcessMemory 要求の一部だけを完了しました。 (0x12B)
[1012/214604:WARNING:pe_image_reader.cc(281)] could not read dos header from C:\WINDOWS\SYSTEM32\USP10.dll
[1012/214604:ERROR:process_reader_win.cc(233)] ReadMemory at 0x755b0000 of 64 bytes failed: ReadProcessMemory 要求または WriteProcessMemory 要求の一部だけを完了しました。 (0x12B)
[1012/214604:WARNING:pe_image_reader.cc(281)] could not read dos header from C:\WINDOWS\System32\MSASN1.dll
[1012/214604:ERROR:process_reader_win.cc(233)] ReadMemory at 0x742c0000 of 64 bytes failed: ReadProcessMemory 要求または WriteProcessMemory 要求の一部だけを完了しました。 (0x12B)
[1012/214604:WARNING:pe_image_reader.cc(281)] could not read dos header from C:\WINDOWS\System32\CRYPT32.dll
[1012/214604:ERROR:process_reader_win.cc(233)] ReadMemory at 0x75770000 of 64 bytes failed: ReadProcessMemory 要求または WriteProcessMemory 要求の一部だけを完了しました。 (0x12B)
[1012/214604:WARNING:pe_image_reader.cc(281)] could not read dos header from C:\WINDOWS\System32\WINTRUST.dll
[1012/214604:ERROR:process_reader_win.cc(233)] ReadMemory at 0x731b0000 of 64 bytes failed: ReadProcessMemory 要求または WriteProcessMemory 要求の一部だけを完了しました。 (0x12B)
[1012/214604:WARNING:pe_image_reader.cc(281)] could not read dos header from C:\WINDOWS\SYSTEM32\Secur32.dll
[1012/214604:ERROR:process_reader_win.cc(233)] ReadMemory at 0x6b520000 of 64 bytes failed: ReadProcessMemory 要求または WriteProcessMemory 要求の一部だけを完了しました。 (0x12B)
[1012/214604:WARNING:pe_image_reader.cc(281)] could not read dos header from C:\Program Files (x86)\Google\Chrome\Application\53.0.2785.143\chrome_child.dll
[1012/214604:ERROR:process_reader_win.cc(233)] ReadMemory at 0x721d0000 of 64 bytes failed: ReadProcessMemory 要求または WriteProcessMemory 要求の一部だけを完了しました。 (0x12B)
[1012/214604:WARNING:pe_image_reader.cc(281)] could not read dos header from C:\WINDOWS\SYSTEM32\dwrite.dll
[1012/214604:ERROR:process_reader_win.cc(233)] ReadMemory at 0xd40000 of 64 bytes failed: ReadProcessMemory 要求または WriteProcessMemory 要求の一部だけを完了しました。 (0x12B)
[1012/214604:WARNING:pe_image_reader.cc(281)] could not read dos header from C:\Program Files (x86)\Google\Chrome\Application\chrome.exe
[1012/214604:ERROR:process_reader_win.cc(233)] ReadMemory at 0x77290000 of 64 bytes failed: ReadProcessMemory 要求または WriteProcessMemory 要求の一部だけを完了しました。 (0x12B)
[1012/214604:WARNING:pe_image_reader.cc(281)] could not read dos header from C:\WINDOWS\SYSTEM32\ntdll.dll
[1012/214604:ERROR:process_reader_win.cc(233)] ReadMemory at 0x74860000 of 64 bytes failed: ReadProcessMemory 要求または WriteProcessMemory 要求の一部だけを完了しました。 (0x12B)
[1012/214604:WARNING:pe_image_reader.cc(281)] could not read dos header from C:\WINDOWS\System32\KERNELBASE.dll
[1012/214604:ERROR:process_reader_win.cc(233)] ReadMemory at 0x75030000 of 64 bytes failed: ReadProcessMemory 要求または WriteProcessMemory 要求の一部だけを完了しました。 (0x12B)
[1012/214604:WARNING:pe_image_reader.cc(281)] could not read dos header from C:\WINDOWS\System32\KERNEL32.DLL
[1012/214604:ERROR:process_reader_win.cc(233)] ReadMemory at 0x727e0000 of 64 bytes failed: ReadProcessMemory 要求または WriteProcessMemory 要求の一部だけを完了しました。 (0x12B)
[1012/214604:WARNING:pe_image_reader.cc(281)] could not read dos header from C:\WINDOWS\system32\apphelp.dll
[1012/214604:ERROR:process_reader_win.cc(233)] ReadMemory at 0x72570000 of 64 bytes failed: ReadProcessMemory 要求または WriteProcessMemory 要求の一部だけを完了しました。 (0x12B)
[1012/214604:WARNING:pe_image_reader.cc(281)] could not read dos header from C:\WINDOWS\AppPatch\AcGenral.dll
[1012/214604:ERROR:process_reader_win.cc(233)] ReadMemory at 0x74150000 of 64 bytes failed: ReadProcessMemory 要求または WriteProcessMemory 要求の一部だけを完了しました。 (0x12B)
[1012/214604:WARNING:pe_image_reader.cc(281)] could not read dos header from C:\WINDOWS\System32\msvcrt.dll
[1012/214604:ERROR:process_reader_win.cc(233)] ReadMemory at 0x73f90000 of 64 bytes failed: ReadProcessMemory 要求または WriteProcessMemory 要求の一部だけを完了しました。 (0x12B)
[1012/214604:WARNING:pe_image_reader.cc(281)] could not read dos header from C:\WINDOWS\System32\bcryptPrimitives.dll
[1012/214604:ERROR:process_reader_win.cc(233)] ReadMemory at 0x73d40000 of 64 bytes failed: ReadProcessMemory 要求または WriteProcessMemory 要求の一部だけを完了しました。 (0x12B)
[1012/214604:WARNING:pe_image_reader.cc(281)] could not read dos header from C:\WINDOWS\System32\CRYPTBASE.dll
[1012/214604:ERROR:process_reader_win.cc(233)] ReadMemory at 0x73d50000 of 64 bytes failed: ReadProcessMemory 要求または WriteProcessMemory 要求の一部だけを完了しました。 (0x12B)
[1012/214604:WARNING:pe_image_reader.cc(281)] could not read dos header from C:\WINDOWS\System32\SspiCli.dll
[1012/214604:ERROR:process_reader_win.cc(233)] ReadMemory at 0x73ff0000 of 64 bytes failed: ReadProcessMemory 要求または WriteProcessMemory 要求の一部だけを完了しました。 (0x12B)
[1012/214604:WARNING:pe_image_reader.cc(281)] could not read dos header from C:\WINDOWS\System32\RPCRT4.dll
[1012/214604:ERROR:process_reader_win.cc(233)] ReadMemory at 0x755c0000 of 64 bytes failed: ReadProcessMemory 要求または WriteProcessMemory 要求の一部だけを完了しました。 (0x12B)
[1012/214604:WARNING:pe_image_reader.cc(281)] could not read dos header from C:\WINDOWS\System32\sechost.dll
[1012/214604:ERROR:process_reader_win.cc(233)] ReadMemory at 0x75450000 of 64 bytes failed: ReadProcessMemory 要求または WriteProcessMemory 要求の一部だけを完了しました。 (0x12B)
[1012/214604:WARNING:pe_image_reader.cc(281)] could not read dos header from C:\WINDOWS\System32\ucrtbase.dll
[1012/214604:ERROR:process_reader_win.cc(233)] ReadMemory at 0x75110000 of 64 bytes failed: ReadProcessMemory 要求または WriteProcessMemory 要求の一部だけを完了しました。 (0x12B)
[1012/214604:WARNING:pe_image_reader.cc(281)] could not read dos header from C:\WINDOWS\System32\combase.dll
[1012/214604:ERROR:process_reader_win.cc(233)] ReadMemory at 0x742a0000 of 64 bytes failed: ReadProcessMemory 要求または WriteProcessMemory 要求の一部だけを完了しました。 (0x12B)
[1012/214604:WARNING:pe_image_reader.cc(281)] could not read dos header from C:\WINDOWS\System32\win32u.dll
[1012/214604:ERROR:process_reader_win.cc(233)] ReadMemory at 0x757c0000 of 64 bytes failed: ReadProcessMemory 要求または WriteProcessMemory 要求の一部だけを完了しました。 (0x12B)
[1012/214604:WARNING:pe_image_reader.cc(281)] could not read dos header from C:\WINDOWS\System32\USER32.dll
[1012/214604:ERROR:process_reader_win.cc(233)] ReadMemory at 0x75610000 of 64 bytes failed: ReadProcessMemory 要求または WriteProcessMemory 要求の一部だけを完了しました。 (0x12B)
[1012/214604:WARNING:pe_image_reader.cc(281)] could not read dos header from C:\WINDOWS\System32\gdi32full.dll
[1012/214604:ERROR:process_reader_win.cc(233)] ReadMemory at 0x73e60000 of 64 bytes failed: ReadProcessMemory 要求または WriteProcessMemory 要求の一部だけを完了しました。 (0x12B)
[1012/214604:WARNING:pe_image_reader.cc(281)] could not read dos header from C:\WINDOWS\System32\GDI32.dll
[1012/214604:ERROR:process_reader_win.cc(233)] ReadMemory at 0x74540000 of 64 bytes failed: ReadProcessMemory 要求または WriteProcessMemory 要求の一部だけを完了しました。 (0x12B)
[1012/214604:WARNING:pe_image_reader.cc(281)] could not read dos header from C:\WINDOWS\System32\IMM32.DLL
[1012/214604:ERROR:process_reader_win.cc(233)] ReadMemory at 0x74ea0000 of 64 bytes failed: ReadProcessMemory 要求または WriteProcessMemory 要求の一部だけを完了しました。 (0x12B)
[1012/214604:WARNING:pe_image_reader.cc(281)] could not read dos header from C:\WINDOWS\System32\SHLWAPI.dll
[1012/214604:ERROR:process_reader_win.cc(233)] ReadMemory at 0x72a40000 of 64 bytes failed: ReadProcessMemory 要求または WriteProcessMemory 要求の一部だけを完了しました。 (0x12B)
[1012/214604:WARNING:pe_image_reader.cc(281)] could not read dos header from C:\WINDOWS\SYSTEM32\UxTheme.dll
[1012/214604:ERROR:process_reader_win.cc(233)] ReadMemory at 0x740c0000 of 64 bytes failed: ReadProcessMemory 要求または WriteProcessMemory 要求の一部だけを完了しました。 (0x12B)
[1012/214604:WARNING:pe_image_reader.cc(281)] could not read dos header from C:\WINDOWS\System32\cfgmgr32.dll
[1012/214604:ERROR:process_reader_win.cc(233)] ReadMemory at 0x73130000 of 64 bytes failed: ReadProcessMemory 要求または WriteProcessMemory 要求の一部だけを完了しました。 (0x12B)
[1012/214604:WARNING:pe_image_reader.cc(281)] could not read dos header from C:\WINDOWS\SYSTEM32\WINMMBASE.dll
[1012/214604:ERROR:process_reader_win.cc(233)] ReadMemory at 0x73180000 of 64 bytes failed: ReadProcessMemory 要求または WriteProcessMemory 要求の一部だけを完了しました。 (0x12B)
[1012/214604:WARNING:pe_image_reader.cc(281)] could not read dos header from C:\WINDOWS\SYSTEM32\WINMM.dll
[1012/214604:ERROR:process_reader_win.cc(233)] ReadMemory at 0x72a20000 of 64 bytes failed: ReadProcessMemory 要求または WriteProcessMemory 要求の一部だけを完了しました。 (0x12B)
[1012/214604:WARNING:pe_image_reader.cc(281)] could not read dos header from C:\WINDOWS\SYSTEM32\samcli.dll
[1012/214604:ERROR:process_reader_win.cc(233)] ReadMemory at 0x73d70000 of 64 bytes failed: ReadProcessMemory 要求または WriteProcessMemory 要求の一部だけを完了しました。 (0x12B)
[1012/214604:WARNING:pe_image_reader.cc(281)] could not read dos header from C:\WINDOWS\System32\ole32.dll
[1012/214604:ERROR:process_reader_win.cc(233)] ReadMemory at 0x75530000 of 64 bytes failed: ReadProcessMemory 要求または WriteProcessMemory 要求の一部だけを完了しました。 (0x12B)
[1012/214604:WARNING:pe_image_reader.cc(281)] could not read dos header from C:\WINDOWS\System32\msvcp_win.dll
[1012/214604:ERROR:process_reader_win.cc(233)] ReadMemory at 0x74650000 of 64 bytes failed: ReadProcessMemory 要求または WriteProcessMemory 要求の一部だけを完了しました。 (0x12B)
[1012/214604:WARNING:pe_image_reader.cc(281)] could not read dos header from C:\WINDOWS\System32\OLEAUT32.dll
[1012/214604:ERROR:process_reader_win.cc(233)] ReadMemory at 0x745d0000 of 64 bytes failed: ReadProcessMemory 要求または WriteProcessMemory 要求の一部だけを完了しました。 (0x12B)
[1012/214604:WARNING:pe_image_reader.cc(281)] could not read dos header from C:\WINDOWS\System32\advapi32.dll
[1012/214604:ERROR:process_reader_win.cc(233)] ReadMemory at 0x72a00000 of 64 bytes failed: ReadProcessMemory 要求または WriteProcessMemory 要求の一部だけを完了しました。 (0x12B)
[1012/214604:WARNING:pe_image_reader.cc(281)] could not read dos header from C:\WINDOWS\SYSTEM32\MSACM32.dll
[1012/214604:ERROR:process_reader_win.cc(233)] ReadMemory at 0x732e0000 of 64 bytes failed: ReadProcessMemory 要求または WriteProcessMemory 要求の一部だけを完了しました。 (0x12B)
[1012/214604:WARNING:pe_image_reader.cc(281)] could not read dos header from C:\WINDOWS\SYSTEM32\VERSION.dll
[1012/214604:ERROR:process_reader_win.cc(233)] ReadMemory at 0x74100000 of 64 bytes failed: ReadProcessMemory 要求または WriteProcessMemory 要求の一部だけを完了しました。 (0x12B)
[1012/214604:WARNING:pe_image_reader.cc(281)] could not read dos header from C:\WINDOWS\System32\powrprof.dll
[1012/214604:ERROR:process_reader_win.cc(233)] ReadMemory at 0x75440000 of 64 bytes failed: ReadProcessMemory 要求または WriteProcessMemory 要求の一部だけを完了しました。 (0x12B)
[1012/214604:WARNING:pe_image_reader.cc(281)] could not read dos header from C:\WINDOWS\System32\kernel.appcore.dll
[1012/214604:ERROR:process_reader_win.cc(233)] ReadMemory at 0x74210000 of 64 bytes failed: ReadProcessMemory 要求または WriteProcessMemory 要求の一部だけを完了しました。 (0x12B)
[1012/214604:WARNING:pe_image_reader.cc(281)] could not read dos header from C:\WINDOWS\System32\shcore.dll
[1012/214604:ERROR:process_reader_win.cc(233)] ReadMemory at 0x74a10000 of 64 bytes failed: ReadProcessMemory 要求または WriteProcessMemory 要求の一部だけを完了しました。 (0x12B)
[1012/214604:WARNING:pe_image_reader.cc(281)] could not read dos header from C:\WINDOWS\System32\profapi.dll
[1012/214604:ERROR:process_reader_win.cc(233)] ReadMemory at 0x75940000 of 64 bytes failed: ReadProcessMemory 要求または WriteProcessMemory 要求の一部だけを完了しました。 (0x12B)
[1012/214604:WARNING:pe_image_reader.cc(281)] could not read dos header from C:\WINDOWS\System32\windows.storage.dll
[1012/214604:ERROR:process_reader_win.cc(233)] ReadMemory at 0x75eb0000 of 64 bytes failed: ReadProcessMemory 要求または WriteProcessMemory 要求の一部だけを完了しました。 (0x12B)
[1012/214604:WARNING:pe_image_reader.cc(281)] could not read dos header from C:\WINDOWS\System32\SHELL32.dll
[1012/214604:ERROR:process_reader_win.cc(233)] ReadMemory at 0x73280000 of 64 bytes failed: ReadProcessMemory 要求または WriteProcessMemory 要求の一部だけを完了しました。 (0x12B)
[1012/214604:WARNING:pe_image_reader.cc(281)] could not read dos header from C:\WINDOWS\SYSTEM32\USERENV.dll
[1012/214604:ERROR:process_reader_win.cc(233)] ReadMemory at 0x72940000 of 64 bytes failed: ReadProcessMemory 要求または WriteProcessMemory 要求の一部だけを完了しました。 (0x12B)
[1012/214604:WARNING:pe_image_reader.cc(281)] could not read dos header from C:\WINDOWS\SYSTEM32\dwmapi.dll
[1012/214604:ERROR:process_reader_win.cc(233)] ReadMemory at 0x72d20000 of 64 bytes failed: ReadProcessMemory 要求または WriteProcessMemory 要求の一部だけを完了しました。 (0x12B)
[1012/214604:WARNING:pe_image_reader.cc(281)] could not read dos header from C:\WINDOWS\SYSTEM32\iertutil.dll
[1012/214604:ERROR:process_reader_win.cc(233)] ReadMemory at 0x72f90000 of 64 bytes failed: ReadProcessMemory 要求または WriteProcessMemory 要求の一部だけを完了しました。 (0x12B)
[1012/214604:WARNING:pe_image_reader.cc(281)] could not read dos header from C:\WINDOWS\SYSTEM32\urlmon.dll
[1012/214604:ERROR:process_reader_win.cc(233)] ReadMemory at 0x72f50000 of 64 bytes failed: ReadProcessMemory 要求または WriteProcessMemory 要求の一部だけを完了しました。 (0x12B)
[1012/214604:WARNING:pe_image_reader.cc(281)] could not read dos header from C:\WINDOWS\SYSTEM32\bcrypt.dll
[1012/214604:ERROR:process_reader_win.cc(233)] ReadMemory at 0x72500000 of 64 bytes failed: ReadProcessMemory 要求または WriteProcessMemory 要求の一部だけを完了しました。 (0x12B)
[1012/214604:WARNING:pe_image_reader.cc(281)] could not read dos header from C:\WINDOWS\SYSTEM32\WINSPOOL.DRV
[1012/214604:ERROR:process_reader_win.cc(233)] ReadMemory at 0x72980000 of 64 bytes failed: ReadProcessMemory 要求または WriteProcessMemory 要求の一部だけを完了しました。 (0x12B)
[1012/214604:WARNING:pe_image_reader.cc(281)] could not read dos header from C:\WINDOWS\SYSTEM32\MPR.dll
[1012/214604:ERROR:process_reader_win.cc(233)] ReadMemory at 0x724b0000 of 64 bytes failed: ReadProcessMemory 要求または WriteProcessMemory 要求の一部だけを完了しました。 (0x12B)
[1012/214604:WARNING:pe_image_reader.cc(281)] could not read dos header from C:\Program Files (x86)\Google\Chrome\Application\53.0.2785.143\chrome_elf.dll
[1012/214604:ERROR:process_reader_win.cc(233)] ReadMemory at 0x732d0000 of 64 bytes failed: ReadProcessMemory 要求または WriteProcessMemory 要求の一部だけを完了しました。 (0x12B)
[1012/214604:WARNING:pe_image_reader.cc(281)] could not read dos header from C:\WINDOWS\SYSTEM32\WTSAPI32.dll
[1012/214604:ERROR:process_reader_win.cc(233)] ReadMemory at 0x731e0000 of 64 bytes failed: ReadProcessMemory 要求または WriteProcessMemory 要求の一部だけを完了しました。 (0x12B)
[1012/214604:WARNING:pe_image_reader.cc(281)] could not read dos header from C:\WINDOWS\SYSTEM32\WINHTTP.dll
[1012/214604:ERROR:process_reader_win.cc(233)] ReadMemory at 0x72460000 of 64 bytes failed: ReadProcessMemory 要求または WriteProcessMemory 要求の一部だけを完了しました。 (0x12B)
[1012/214604:WARNING:pe_image_reader.cc(281)] could not read dos header from C:\WINDOWS\SYSTEM32\ninput.dll
[1012/214604:ERROR:process_reader_win.cc(233)] ReadMemory at 0x74440000 of 64 bytes failed: ReadProcessMemory 要求または WriteProcessMemory 要求の一部だけを完了しました。 (0x12B)
[1012/214604:WARNING:pe_image_reader.cc(281)] could not read dos header from C:\WINDOWS\System32\PSAPI.DLL
[1012/214604:ERROR:process_reader_win.cc(233)] ReadMemory at 0x72b10000 of 64 bytes failed: ReadProcessMemory 要求または WriteProcessMemory 要求の一部だけを完了しました。 (0x12B)
[1012/214604:WARNING:pe_image_reader.cc(281)] could not read dos header from C:\WINDOWS\WinSxS\x86_microsoft.windows.common-controls_6595b64144ccf1df_6.0.14393.0_none_74bc87d3d22d9abe\COMCTL32.dll
[1012/214604:ERROR:process_reader_win.cc(233)] ReadMemory at 0x73e90000 of 64 bytes failed: ReadProcessMemory 要求または WriteProcessMemory 要求の一部だけを完了しました。 (0x12B)
[1012/214604:WARNING:pe_image_reader.cc(281)] could not read dos header from C:\WINDOWS\System32\COMDLG32.dll
[1012/214604:ERROR:process_reader_win.cc(233)] ReadMemory at 0x732a0000 of 64 bytes failed: ReadProcessMemory 要求または WriteProcessMemory 要求の一部だけを完了しました。 (0x12B)
[1012/214604:WARNING:pe_image_reader.cc(281)] could not read dos header from C:\WINDOWS\SYSTEM32\IPHLPAPI.DLL
[1012/214604:ERROR:process_reader_win.cc(233)] ReadMemory at 0x753d0000 of 64 bytes failed: ReadProcessMemory 要求または WriteProcessMemory 要求の一部だけを完了しました。 (0x12B)
[1012/214604:WARNING:pe_image_reader.cc(281)] could not read dos header from C:\WINDOWS\System32\WS2_32.dll
[1012/214604:ERROR:process_reader_win.cc(233)] ReadMemory at 0x72440000 of 64 bytes failed: ReadProcessMemory 要求または WriteProcessMemory 要求の一部だけを完了しました。 (0x12B)
[1012/214604:WARNING:pe_image_reader.cc(281)] could not read dos header from C:\WINDOWS\SYSTEM32\USP10.dll
[1012/214604:ERROR:process_reader_win.cc(233)] ReadMemory at 0x755b0000 of 64 bytes failed: ReadProcessMemory 要求または WriteProcessMemory 要求の一部だけを完了しました。 (0x12B)
[1012/214604:WARNING:pe_image_reader.cc(281)] could not read dos header from C:\WINDOWS\System32\MSASN1.dll
[1012/214604:ERROR:process_reader_win.cc(233)] ReadMemory at 0x742c0000 of 64 bytes failed: ReadProcessMemory 要求または WriteProcessMemory 要求の一部だけを完了しました。 (0x12B)
[1012/214604:WARNING:pe_image_reader.cc(281)] could not read dos header from C:\WINDOWS\System32\CRYPT32.dll
[1012/214604:ERROR:process_reader_win.cc(233)] ReadMemory at 0x75770000 of 64 bytes failed: ReadProcessMemory 要求または WriteProcessMemory 要求の一部だけを完了しました。 (0x12B)
[1012/214604:WARNING:pe_image_reader.cc(281)] could not read dos header from C:\WINDOWS\System32\WINTRUST.dll
[1012/214604:ERROR:process_reader_win.cc(233)] ReadMemory at 0x731b0000 of 64 bytes failed: ReadProcessMemory 要求または WriteProcessMemory 要求の一部だけを完了しました。 (0x12B)
[1012/214604:WARNING:pe_image_reader.cc(281)] could not read dos header from C:\WINDOWS\SYSTEM32\Secur32.dll
[1012/214604:ERROR:process_reader_win.cc(233)] ReadMemory at 0x6b520000 of 64 bytes failed: ReadProcessMemory 要求または WriteProcessMemory 要求の一部だけを完了しました。 (0x12B)
[1012/214604:WARNING:pe_image_reader.cc(281)] could not read dos header from C:\Program Files (x86)\Google\Chrome\Application\53.0.2785.143\chrome_child.dll
[1012/214604:ERROR:process_reader_win.cc(233)] ReadMemory at 0x721d0000 of 64 bytes failed: ReadProcessMemory 要求または WriteProcessMemory 要求の一部だけを完了しました。 (0x12B)
[1012/214604:WARNING:pe_image_reader.cc(281)] could not read dos header from C:\WINDOWS\SYSTEM32\dwrite.dll
[1012/214604:ERROR:process_reader_win.cc(233)] ReadMemory at 0xd40000 of 64 bytes failed: ReadProcessMemory 要求または WriteProcessMemory 要求の一部だけを完了しました。 (0x12B)
[1012/214604:WARNING:pe_image_reader.cc(281)] could not read dos header from C:\Program Files (x86)\Google\Chrome\Application\chrome.exe
[1012/214604:ERROR:process_reader_win.cc(233)] ReadMemory at 0x77290000 of 64 bytes failed: ReadProcessMemory 要求または WriteProcessMemory 要求の一部だけを完了しました。 (0x12B)
[1012/214604:WARNING:pe_image_reader.cc(281)] could not read dos header from C:\WINDOWS\SYSTEM32\ntdll.dll
[1012/214604:ERROR:process_reader_win.cc(233)] ReadMemory at 0x74860000 of 64 bytes failed: ReadProcessMemory 要求または WriteProcessMemory 要求の一部だけを完了しました。 (0x12B)
[1012/214604:WARNING:pe_image_reader.cc(281)] could not read dos header from C:\WINDOWS\System32\KERNELBASE.dll
[1012/214604:ERROR:process_reader_win.cc(233)] ReadMemory at 0x75030000 of 64 bytes failed: ReadProcessMemory 要求または WriteProcessMemory 要求の一部だけを完了しました。 (0x12B)
[1012/214604:WARNING:pe_image_reader.cc(281)] could not read dos header from C:\WINDOWS\System32\KERNEL32.DLL
[1012/214604:ERROR:process_reader_win.cc(233)] ReadMemory at 0x727e0000 of 64 bytes failed: ReadProcessMemory 要求または WriteProcessMemory 要求の一部だけを完了しました。 (0x12B)
[1012/214604:WARNING:pe_image_reader.cc(281)] could not read dos header from C:\WINDOWS\system32\apphelp.dll
[1012/214604:ERROR:process_reader_win.cc(233)] ReadMemory at 0x72570000 of 64 bytes failed: ReadProcessMemory 要求または WriteProcessMemory 要求の一部だけを完了しました。 (0x12B)
[1012/214604:WARNING:pe_image_reader.cc(281)] could not read dos header from C:\WINDOWS\AppPatch\AcGenral.dll
[1012/214604:ERROR:process_reader_win.cc(233)] ReadMemory at 0x74150000 of 64 bytes failed: ReadProcessMemory 要求または WriteProcessMemory 要求の一部だけを完了しました。 (0x12B)
[1012/214604:WARNING:pe_image_reader.cc(281)] could not read dos header from C:\WINDOWS\System32\msvcrt.dll
[1012/214604:ERROR:process_reader_win.cc(233)] ReadMemory at 0x73f90000 of 64 bytes failed: ReadProcessMemory 要求または WriteProcessMemory 要求の一部だけを完了しました。 (0x12B)
[1012/214604:WARNING:pe_image_reader.cc(281)] could not read dos header from C:\WINDOWS\System32\bcryptPrimitives.dll
[1012/214604:ERROR:process_reader_win.cc(233)] ReadMemory at 0x73d40000 of 64 bytes failed: ReadProcessMemory 要求または WriteProcessMemory 要求の一部だけを完了しました。 (0x12B)
[1012/214604:WARNING:pe_image_reader.cc(281)] could not read dos header from C:\WINDOWS\System32\CRYPTBASE.dll
[1012/214604:ERROR:process_reader_win.cc(233)] ReadMemory at 0x73d50000 of 64 bytes failed: ReadProcessMemory 要求または WriteProcessMemory 要求の一部だけを完了しました。 (0x12B)
[1012/214604:WARNING:pe_image_reader.cc(281)] could not read dos header from C:\WINDOWS\System32\SspiCli.dll
[1012/214604:ERROR:process_reader_win.cc(233)] ReadMemory at 0x73ff0000 of 64 bytes failed: ReadProcessMemory 要求または WriteProcessMemory 要求の一部だけを完了しました。 (0x12B)
[1012/214604:WARNING:pe_image_reader.cc(281)] could not read dos header from C:\WINDOWS\System32\RPCRT4.dll
[1012/214604:ERROR:process_reader_win.cc(233)] ReadMemory at 0x755c0000 of 64 bytes failed: ReadProcessMemory 要求または WriteProcessMemory 要求の一部だけを完了しました。 (0x12B)
[1012/214604:WARNING:pe_image_reader.cc(281)] could not read dos header from C:\WINDOWS\System32\sechost.dll
[1012/214604:ERROR:process_reader_win.cc(233)] ReadMemory at 0x75450000 of 64 bytes failed: ReadProcessMemory 要求または WriteProcessMemory 要求の一部だけを完了しました。 (0x12B)
[1012/214604:WARNING:pe_image_reader.cc(281)] could not read dos header from C:\WINDOWS\System32\ucrtbase.dll
[1012/214604:ERROR:process_reader_win.cc(233)] ReadMemory at 0x75110000 of 64 bytes failed: ReadProcessMemory 要求または WriteProcessMemory 要求の一部だけを完了しました。 (0x12B)
[1012/214604:WARNING:pe_image_reader.cc(281)] could not read dos header from C:\WINDOWS\System32\combase.dll
[1012/214604:ERROR:process_reader_win.cc(233)] ReadMemory at 0x742a0000 of 64 bytes failed: ReadProcessMemory 要求または WriteProcessMemory 要求の一部だけを完了しました。 (0x12B)
[1012/214604:WARNING:pe_image_reader.cc(281)] could not read dos header from C:\WINDOWS\System32\win32u.dll
[1012/214604:ERROR:process_reader_win.cc(233)] ReadMemory at 0x757c0000 of 64 bytes failed: ReadProcessMemory 要求または WriteProcessMemory 要求の一部だけを完了しました。 (0x12B)
[1012/214604:WARNING:pe_image_reader.cc(281)] could not read dos header from C:\WINDOWS\System32\USER32.dll
[1012/214604:ERROR:process_reader_win.cc(233)] ReadMemory at 0x75610000 of 64 bytes failed: ReadProcessMemory 要求または WriteProcessMemory 要求の一部だけを完了しました。 (0x12B)
[1012/214604:WARNING:pe_image_reader.cc(281)] could not read dos header from C:\WINDOWS\System32\gdi32full.dll
[1012/214604:ERROR:process_reader_win.cc(233)] ReadMemory at 0x73e60000 of 64 bytes failed: ReadProcessMemory 要求または WriteProcessMemory 要求の一部だけを完了しました。 (0x12B)
[1012/214604:WARNING:pe_image_reader.cc(281)] could not read dos header from C:\WINDOWS\System32\GDI32.dll
[1012/214604:ERROR:process_reader_win.cc(233)] ReadMemory at 0x74540000 of 64 bytes failed: ReadProcessMemory 要求または WriteProcessMemory 要求の一部だけを完了しました。 (0x12B)
[1012/214604:WARNING:pe_image_reader.cc(281)] could not read dos header from C:\WINDOWS\System32\IMM32.DLL
[1012/214604:ERROR:process_reader_win.cc(233)] ReadMemory at 0x74ea0000 of 64 bytes failed: ReadProcessMemory 要求または WriteProcessMemory 要求の一部だけを完了しました。 (0x12B)
[1012/214604:WARNING:pe_image_reader.cc(281)] could not read dos header from C:\WINDOWS\System32\SHLWAPI.dll
[1012/214604:ERROR:process_reader_win.cc(233)] ReadMemory at 0x72a40000 of 64 bytes failed: ReadProcessMemory 要求または WriteProcessMemory 要求の一部だけを完了しました。 (0x12B)
[1012/214604:WARNING:pe_image_reader.cc(281)] could not read dos header from C:\WINDOWS\SYSTEM32\UxTheme.dll
[1012/214604:ERROR:process_reader_win.cc(233)] ReadMemory at 0x740c0000 of 64 bytes failed: ReadProcessMemory 要求または WriteProcessMemory 要求の一部だけを完了しました。 (0x12B)
[1012/214604:WARNING:pe_image_reader.cc(281)] could not read dos header from C:\WINDOWS\System32\cfgmgr32.dll
[1012/214604:ERROR:process_reader_win.cc(233)] ReadMemory at 0x73130000 of 64 bytes failed: ReadProcessMemory 要求または WriteProcessMemory 要求の一部だけを完了しました。 (0x12B)
[1012/214604:WARNING:pe_image_reader.cc(281)] could not read dos header from C:\WINDOWS\SYSTEM32\WINMMBASE.dll
[1012/214604:ERROR:process_reader_win.cc(233)] ReadMemory at 0x73180000 of 64 bytes failed: ReadProcessMemory 要求または WriteProcessMemory 要求の一部だけを完了しました。 (0x12B)
[1012/214604:WARNING:pe_image_reader.cc(281)] could not read dos header from C:\WINDOWS\SYSTEM32\WINMM.dll
[1012/214604:ERROR:process_reader_win.cc(233)] ReadMemory at 0x72a20000 of 64 bytes failed: ReadProcessMemory 要求または WriteProcessMemory 要求の一部だけを完了しました。 (0x12B)
[1012/214604:WARNING:pe_image_reader.cc(281)] could not read dos header from C:\WINDOWS\SYSTEM32\samcli.dll
[1012/214604:ERROR:process_reader_win.cc(233)] ReadMemory at 0x73d70000 of 64 bytes failed: ReadProcessMemory 要求または WriteProcessMemory 要求の一部だけを完了しました。 (0x12B)
[1012/214604:WARNING:pe_image_reader.cc(281)] could not read dos header from C:\WINDOWS\System32\ole32.dll
[1012/214604:ERROR:process_reader_win.cc(233)] ReadMemory at 0x75530000 of 64 bytes failed: ReadProcessMemory 要求または WriteProcessMemory 要求の一部だけを完了しました。 (0x12B)
[1012/214604:WARNING:pe_image_reader.cc(281)] could not read dos header from C:\WINDOWS\System32\msvcp_win.dll
[1012/214604:ERROR:process_reader_win.cc(233)] ReadMemory at 0x74650000 of 64 bytes failed: ReadProcessMemory 要求または WriteProcessMemory 要求の一部だけを完了しました。 (0x12B)
[1012/214604:WARNING:pe_image_reader.cc(281)] could not read dos header from C:\WINDOWS\System32\OLEAUT32.dll
[1012/214604:ERROR:process_reader_win.cc(233)] ReadMemory at 0x745d0000 of 64 bytes failed: ReadProcessMemory 要求または WriteProcessMemory 要求の一部だけを完了しました。 (0x12B)
[1012/214604:WARNING:pe_image_reader.cc(281)] could not read dos header from C:\WINDOWS\System32\advapi32.dll
[1012/214604:ERROR:process_reader_win.cc(233)] ReadMemory at 0x72a00000 of 64 bytes failed: ReadProcessMemory 要求または WriteProcessMemory 要求の一部だけを完了しました。 (0x12B)
[1012/214604:WARNING:pe_image_reader.cc(281)] could not read dos header from C:\WINDOWS\SYSTEM32\MSACM32.dll
[1012/214604:ERROR:process_reader_win.cc(233)] ReadMemory at 0x732e0000 of 64 bytes failed: ReadProcessMemory 要求または WriteProcessMemory 要求の一部だけを完了しました。 (0x12B)
[1012/214604:WARNING:pe_image_reader.cc(281)] could not read dos header from C:\WINDOWS\SYSTEM32\VERSION.dll
[1012/214604:ERROR:process_reader_win.cc(233)] ReadMemory at 0x74100000 of 64 bytes failed: ReadProcessMemory 要求または WriteProcessMemory 要求の一部だけを完了しました。 (0x12B)
[1012/214604:WARNING:pe_image_reader.cc(281)] could not read dos header from C:\WINDOWS\System32\powrprof.dll
[1012/214604:ERROR:process_reader_win.cc(233)] ReadMemory at 0x75440000 of 64 bytes failed: ReadProcessMemory 要求または WriteProcessMemory 要求の一部だけを完了しました。 (0x12B)
[1012/214604:WARNING:pe_image_reader.cc(281)] could not read dos header from C:\WINDOWS\System32\kernel.appcore.dll
[1012/214604:ERROR:process_reader_win.cc(233)] ReadMemory at 0x74210000 of 64 bytes failed: ReadProcessMemory 要求または WriteProcessMemory 要求の一部だけを完了しました。 (0x12B)
[1012/214604:WARNING:pe_image_reader.cc(281)] could not read dos header from C:\WINDOWS\System32\shcore.dll
[1012/214604:ERROR:process_reader_win.cc(233)] ReadMemory at 0x74a10000 of 64 bytes failed: ReadProcessMemory 要求または WriteProcessMemory 要求の一部だけを完了しました。 (0x12B)
[1012/214604:WARNING:pe_image_reader.cc(281)] could not read dos header from C:\WINDOWS\System32\profapi.dll
[1012/214604:ERROR:process_reader_win.cc(233)] ReadMemory at 0x75940000 of 64 bytes failed: ReadProcessMemory 要求または WriteProcessMemory 要求の一部だけを完了しました。 (0x12B)
[1012/214604:WARNING:pe_image_reader.cc(281)] could not read dos header from C:\WINDOWS\System32\windows.storage.dll
[1012/214604:ERROR:process_reader_win.cc(233)] ReadMemory at 0x75eb0000 of 64 bytes failed: ReadProcessMemory 要求または WriteProcessMemory 要求の一部だけを完了しました。 (0x12B)
[1012/214604:WARNING:pe_image_reader.cc(281)] could not read dos header from C:\WINDOWS\System32\SHELL32.dll
[1012/214604:ERROR:process_reader_win.cc(233)] ReadMemory at 0x73280000 of 64 bytes failed: ReadProcessMemory 要求または WriteProcessMemory 要求の一部だけを完了しました。 (0x12B)
[1012/214604:WARNING:pe_image_reader.cc(281)] could not read dos header from C:\WINDOWS\SYSTEM32\USERENV.dll
[1012/214604:ERROR:process_reader_win.cc(233)] ReadMemory at 0x72940000 of 64 bytes failed: ReadProcessMemory 要求または WriteProcessMemory 要求の一部だけを完了しました。 (0x12B)
[1012/214604:WARNING:pe_image_reader.cc(281)] could not read dos header from C:\WINDOWS\SYSTEM32\dwmapi.dll
[1012/214604:ERROR:process_reader_win.cc(233)] ReadMemory at 0x72d20000 of 64 bytes failed: ReadProcessMemory 要求または WriteProcessMemory 要求の一部だけを完了しました。 (0x12B)
[1012/214604:WARNING:pe_image_reader.cc(281)] could not read dos header from C:\WINDOWS\SYSTEM32\iertutil.dll
[1012/214604:ERROR:process_reader_win.cc(233)] ReadMemory at 0x72f90000 of 64 bytes failed: ReadProcessMemory 要求または WriteProcessMemory 要求の一部だけを完了しました。 (0x12B)
[1012/214604:WARNING:pe_image_reader.cc(281)] could not read dos header from C:\WINDOWS\SYSTEM32\urlmon.dll
[1012/214604:ERROR:process_reader_win.cc(233)] ReadMemory at 0x72f50000 of 64 bytes failed: ReadProcessMemory 要求または WriteProcessMemory 要求の一部だけを完了しました。 (0x12B)
[1012/214604:WARNING:pe_image_reader.cc(281)] could not read dos header from C:\WINDOWS\SYSTEM32\bcrypt.dll
[1012/214604:ERROR:process_reader_win.cc(233)] ReadMemory at 0x72500000 of 64 bytes failed: ReadProcessMemory 要求または WriteProcessMemory 要求の一部だけを完了しました。 (0x12B)
[1012/214604:WARNING:pe_image_reader.cc(281)] could not read dos header from C:\WINDOWS\SYSTEM32\WINSPOOL.DRV
[1012/214604:ERROR:process_reader_win.cc(233)] ReadMemory at 0x72980000 of 64 bytes failed: ReadProcessMemory 要求または WriteProcessMemory 要求の一部だけを完了しました。 (0x12B)
[1012/214604:WARNING:pe_image_reader.cc(281)] could not read dos header from C:\WINDOWS\SYSTEM32\MPR.dll
[1012/214604:ERROR:process_reader_win.cc(233)] ReadMemory at 0x724b0000 of 64 bytes failed: ReadProcessMemory 要求または WriteProcessMemory 要求の一部だけを完了しました。 (0x12B)
[1012/214604:WARNING:pe_image_reader.cc(281)] could not read dos header from C:\Program Files (x86)\Google\Chrome\Application\53.0.2785.143\chrome_elf.dll
[1012/214604:ERROR:process_reader_win.cc(233)] ReadMemory at 0x732d0000 of 64 bytes failed: ReadProcessMemory 要求または WriteProcessMemory 要求の一部だけを完了しました。 (0x12B)
[1012/214604:WARNING:pe_image_reader.cc(281)] could not read dos header from C:\WINDOWS\SYSTEM32\WTSAPI32.dll
[1012/214604:ERROR:process_reader_win.cc(233)] ReadMemory at 0x731e0000 of 64 bytes failed: ReadProcessMemory 要求または WriteProcessMemory 要求の一部だけを完了しました。 (0x12B)
[1012/214604:WARNING:pe_image_reader.cc(281)] could not read dos header from C:\WINDOWS\SYSTEM32\WINHTTP.dll
[1012/214604:ERROR:process_reader_win.cc(233)] ReadMemory at 0x72460000 of 64 bytes failed: ReadProcessMemory 要求または WriteProcessMemory 要求の一部だけを完了しました。 (0x12B)
[1012/214604:WARNING:pe_image_reader.cc(281)] could not read dos header from C:\WINDOWS\SYSTEM32\ninput.dll
[1012/214604:ERROR:process_reader_win.cc(233)] ReadMemory at 0x74440000 of 64 bytes failed: ReadProcessMemory 要求または WriteProcessMemory 要求の一部だけを完了しました。 (0x12B)
[1012/214604:WARNING:pe_image_reader.cc(281)] could not read dos header from C:\WINDOWS\System32\PSAPI.DLL
[1012/214604:ERROR:process_reader_win.cc(233)] ReadMemory at 0x72b10000 of 64 bytes failed: ReadProcessMemory 要求または WriteProcessMemory 要求の一部だけを完了しました。 (0x12B)
[1012/214604:WARNING:pe_image_reader.cc(281)] could not read dos header from C:\WINDOWS\WinSxS\x86_microsoft.windows.common-controls_6595b64144ccf1df_6.0.14393.0_none_74bc87d3d22d9abe\COMCTL32.dll
[1012/214604:ERROR:process_reader_win.cc(233)] ReadMemory at 0x73e90000 of 64 bytes failed: ReadProcessMemory 要求または WriteProcessMemory 要求の一部だけを完了しました。 (0x12B)
[1012/214604:WARNING:pe_image_reader.cc(281)] could not read dos header from C:\WINDOWS\System32\COMDLG32.dll
[1012/214604:ERROR:process_reader_win.cc(233)] ReadMemory at 0x732a0000 of 64 bytes failed: ReadProcessMemory 要求または WriteProcessMemory 要求の一部だけを完了しました。 (0x12B)
[1012/214604:WARNING:pe_image_reader.cc(281)] could not read dos header from C:\WINDOWS\SYSTEM32\IPHLPAPI.DLL
[1012/214604:ERROR:process_reader_win.cc(233)] ReadMemory at 0x753d0000 of 64 bytes failed: ReadProcessMemory 要求または WriteProcessMemory 要求の一部だけを完了しました。 (0x12B)
[1012/214604:WARNING:pe_image_reader.cc(281)] could not read dos header from C:\WINDOWS\System32\WS2_32.dll
[1012/214604:ERROR:process_reader_win.cc(233)] ReadMemory at 0x72440000 of 64 bytes failed: ReadProcessMemory 要求または WriteProcessMemory 要求の一部だけを完了しました。 (0x12B)
[1012/214604:WARNING:pe_image_reader.cc(281)] could not read dos header from C:\WINDOWS\SYSTEM32\USP10.dll
[1012/214604:ERROR:process_reader_win.cc(233)] ReadMemory at 0x755b0000 of 64 bytes failed: ReadProcessMemory 要求または WriteProcessMemory 要求の一部だけを完了しました。 (0x12B)
[1012/214604:WARNING:pe_image_reader.cc(281)] could not read dos header from C:\WINDOWS\System32\MSASN1.dll
[1012/214604:ERROR:process_reader_win.cc(233)] ReadMemory at 0x742c0000 of 64 bytes failed: ReadProcessMemory 要求または WriteProcessMemory 要求の一部だけを完了しました。 (0x12B)
[1012/214604:WARNING:pe_image_reader.cc(281)] could not read dos header from C:\WINDOWS\System32\CRYPT32.dll
[1012/214604:ERROR:process_reader_win.cc(233)] ReadMemory at 0x75770000 of 64 bytes failed: ReadProcessMemory 要求または WriteProcessMemory 要求の一部だけを完了しました。 (0x12B)
[1012/214604:WARNING:pe_image_reader.cc(281)] could not read dos header from C:\WINDOWS\System32\WINTRUST.dll
[1012/214604:ERROR:process_reader_win.cc(233)] ReadMemory at 0x731b0000 of 64 bytes failed: ReadProcessMemory 要求または WriteProcessMemory 要求の一部だけを完了しました。 (0x12B)
[1012/214604:WARNING:pe_image_reader.cc(281)] could not read dos header from C:\WINDOWS\SYSTEM32\Secur32.dll
[1012/214604:ERROR:process_reader_win.cc(233)] ReadMemory at 0x6b520000 of 64 bytes failed: ReadProcessMemory 要求または WriteProcessMemory 要求の一部だけを完了しました。 (0x12B)
[1012/214604:WARNING:pe_image_reader.cc(281)] could not read dos header from C:\Program Files (x86)\Google\Chrome\Application\53.0.2785.143\chrome_child.dll
[1012/214604:ERROR:process_reader_win.cc(233)] ReadMemory at 0x721d0000 of 64 bytes failed: ReadProcessMemory 要求または WriteProcessMemory 要求の一部だけを完了しました。 (0x12B)
[1012/214604:WARNING:pe_image_reader.cc(281)] could not read dos header from C:\WINDOWS\SYSTEM32\dwrite.dll
[1012/214604:ERROR:process_reader_win.cc(233)] ReadMemory at 0xd40000 of 64 bytes failed: ReadProcessMemory 要求または WriteProcessMemory 要求の一部だけを完了しました。 (0x12B)
[1012/214604:WARNING:pe_image_reader.cc(281)] could not read dos header from C:\Program Files (x86)\Google\Chrome\Application\chrome.exe
[1012/214604:ERROR:process_reader_win.cc(233)] ReadMemory at 0x77290000 of 64 bytes failed: ReadProcessMemory 要求または WriteProcessMemory 要求の一部だけを完了しました。 (0x12B)
[1012/214604:WARNING:pe_image_reader.cc(281)] could not read dos header from C:\WINDOWS\SYSTEM32\ntdll.dll
[1012/214604:ERROR:process_reader_win.cc(233)] ReadMemory at 0x74860000 of 64 bytes failed: ReadProcessMemory 要求または WriteProcessMemory 要求の一部だけを完了しました。 (0x12B)
[1012/214604:WARNING:pe_image_reader.cc(281)] could not read dos header from C:\WINDOWS\System32\KERNELBASE.dll
[1012/214604:ERROR:process_reader_win.cc(233)] ReadMemory at 0x75030000 of 64 bytes failed: ReadProcessMemory 要求または WriteProcessMemory 要求の一部だけを完了しました。 (0x12B)
[1012/214604:WARNING:pe_image_reader.cc(281)] could not read dos header from C:\WINDOWS\System32\KERNEL32.DLL
[1012/214604:ERROR:process_reader_win.cc(233)] ReadMemory at 0x727e0000 of 64 bytes failed: ReadProcessMemory 要求または WriteProcessMemory 要求の一部だけを完了しました。 (0x12B)
[1012/214604:WARNING:pe_image_reader.cc(281)] could not read dos header from C:\WINDOWS\system32\apphelp.dll
[1012/214604:ERROR:process_reader_win.cc(233)] ReadMemory at 0x72570000 of 64 bytes failed: ReadProcessMemory 要求または WriteProcessMemory 要求の一部だけを完了しました。 (0x12B)
[1012/214604:WARNING:pe_image_reader.cc(281)] could not read dos header from C:\WINDOWS\AppPatch\AcGenral.dll
[1012/214604:ERROR:process_reader_win.cc(233)] ReadMemory at 0x74150000 of 64 bytes failed: ReadProcessMemory 要求または WriteProcessMemory 要求の一部だけを完了しました。 (0x12B)
[1012/214604:WARNING:pe_image_reader.cc(281)] could not read dos header from C:\WINDOWS\System32\msvcrt.dll
[1012/214604:ERROR:process_reader_win.cc(233)] ReadMemory at 0x73f90000 of 64 bytes failed: ReadProcessMemory 要求または WriteProcessMemory 要求の一部だけを完了しました。 (0x12B)
[1012/214604:WARNING:pe_image_reader.cc(281)] could not read dos header from C:\WINDOWS\System32\bcryptPrimitives.dll
[1012/214604:ERROR:process_reader_win.cc(233)] ReadMemory at 0x73d40000 of 64 bytes failed: ReadProcessMemory 要求または WriteProcessMemory 要求の一部だけを完了しました。 (0x12B)
[1012/214604:WARNING:pe_image_reader.cc(281)] could not read dos header from C:\WINDOWS\System32\CRYPTBASE.dll
[1012/214604:ERROR:process_reader_win.cc(233)] ReadMemory at 0x73d50000 of 64 bytes failed: ReadProcessMemory 要求または WriteProcessMemory 要求の一部だけを完了しました。 (0x12B)
[1012/214604:WARNING:pe_image_reader.cc(281)] could not read dos header from C:\WINDOWS\System32\SspiCli.dll
[1012/214604:ERROR:process_reader_win.cc(233)] ReadMemory at 0x73ff0000 of 64 bytes failed: ReadProcessMemory 要求または WriteProcessMemory 要求の一部だけを完了しました。 (0x12B)
[1012/214604:WARNING:pe_image_reader.cc(281)] could not read dos header from C:\WINDOWS\System32\RPCRT4.dll
[1012/214604:ERROR:process_reader_win.cc(233)] ReadMemory at 0x755c0000 of 64 bytes failed: ReadProcessMemory 要求または WriteProcessMemory 要求の一部だけを完了しました。 (0x12B)
[1012/214604:WARNING:pe_image_reader.cc(281)] could not read dos header from C:\WINDOWS\System32\sechost.dll
[1012/214604:ERROR:process_reader_win.cc(233)] ReadMemory at 0x75450000 of 64 bytes failed: ReadProcessMemory 要求または WriteProcessMemory 要求の一部だけを完了しました。 (0x12B)
[1012/214604:WARNING:pe_image_reader.cc(281)] could not read dos header from C:\WINDOWS\System32\ucrtbase.dll
[1012/214604:ERROR:process_reader_win.cc(233)] ReadMemory at 0x75110000 of 64 bytes failed: ReadProcessMemory 要求または WriteProcessMemory 要求の一部だけを完了しました。 (0x12B)
[1012/214604:WARNING:pe_image_reader.cc(281)] could not read dos header from C:\WINDOWS\System32\combase.dll
[1012/214604:ERROR:process_reader_win.cc(233)] ReadMemory at 0x742a0000 of 64 bytes failed: ReadProcessMemory 要求または WriteProcessMemory 要求の一部だけを完了しました。 (0x12B)
[1012/214604:WARNING:pe_image_reader.cc(281)] could not read dos header from C:\WINDOWS\System32\win32u.dll
[1012/214604:ERROR:process_reader_win.cc(233)] ReadMemory at 0x757c0000 of 64 bytes failed: ReadProcessMemory 要求または WriteProcessMemory 要求の一部だけを完了しました。 (0x12B)
[1012/214604:WARNING:pe_image_reader.cc(281)] could not read dos header from C:\WINDOWS\System32\USER32.dll
[1012/214604:ERROR:process_reader_win.cc(233)] ReadMemory at 0x75610000 of 64 bytes failed: ReadProcessMemory 要求または WriteProcessMemory 要求の一部だけを完了しました。 (0x12B)
[1012/214604:WARNING:pe_image_reader.cc(281)] could not read dos header from C:\WINDOWS\System32\gdi32full.dll
[1012/214604:ERROR:process_reader_win.cc(233)] ReadMemory at 0x73e60000 of 64 bytes failed: ReadProcessMemory 要求または WriteProcessMemory 要求の一部だけを完了しました。 (0x12B)
[1012/214604:WARNING:pe_image_reader.cc(281)] could not read dos header from C:\WINDOWS\System32\GDI32.dll
[1012/214604:ERROR:process_reader_win.cc(233)] ReadMemory at 0x74540000 of 64 bytes failed: ReadProcessMemory 要求または WriteProcessMemory 要求の一部だけを完了しました。 (0x12B)
[1012/214604:WARNING:pe_image_reader.cc(281)] could not read dos header from C:\WINDOWS\System32\IMM32.DLL
[1012/214604:ERROR:process_reader_win.cc(233)] ReadMemory at 0x74ea0000 of 64 bytes failed: ReadProcessMemory 要求または WriteProcessMemory 要求の一部だけを完了しました。 (0x12B)
[1012/214604:WARNING:pe_image_reader.cc(281)] could not read dos header from C:\WINDOWS\System32\SHLWAPI.dll
[1012/214604:ERROR:process_reader_win.cc(233)] ReadMemory at 0x72a40000 of 64 bytes failed: ReadProcessMemory 要求または WriteProcessMemory 要求の一部だけを完了しました。 (0x12B)
[1012/214604:WARNING:pe_image_reader.cc(281)] could not read dos header from C:\WINDOWS\SYSTEM32\UxTheme.dll
[1012/214604:ERROR:process_reader_win.cc(233)] ReadMemory at 0x740c0000 of 64 bytes failed: ReadProcessMemory 要求または WriteProcessMemory 要求の一部だけを完了しました。 (0x12B)
[1012/214604:WARNING:pe_image_reader.cc(281)] could not read dos header from C:\WINDOWS\System32\cfgmgr32.dll
[1012/214604:ERROR:process_reader_win.cc(233)] ReadMemory at 0x73130000 of 64 bytes failed: ReadProcessMemory 要求または WriteProcessMemory 要求の一部だけを完了しました。 (0x12B)
[1012/214604:WARNING:pe_image_reader.cc(281)] could not read dos header from C:\WINDOWS\SYSTEM32\WINMMBASE.dll
[1012/214604:ERROR:process_reader_win.cc(233)] ReadMemory at 0x73180000 of 64 bytes failed: ReadProcessMemory 要求または WriteProcessMemory 要求の一部だけを完了しました。 (0x12B)
[1012/214604:WARNING:pe_image_reader.cc(281)] could not read dos header from C:\WINDOWS\SYSTEM32\WINMM.dll
[1012/214604:ERROR:process_reader_win.cc(233)] ReadMemory at 0x72a20000 of 64 bytes failed: ReadProcessMemory 要求または WriteProcessMemory 要求の一部だけを完了しました。 (0x12B)
[1012/214604:WARNING:pe_image_reader.cc(281)] could not read dos header from C:\WINDOWS\SYSTEM32\samcli.dll
[1012/214604:ERROR:process_reader_win.cc(233)] ReadMemory at 0x73d70000 of 64 bytes failed: ReadProcessMemory 要求または WriteProcessMemory 要求の一部だけを完了しました。 (0x12B)
[1012/214604:WARNING:pe_image_reader.cc(281)] could not read dos header from C:\WINDOWS\System32\ole32.dll
[1012/214604:ERROR:process_reader_win.cc(233)] ReadMemory at 0x75530000 of 64 bytes failed: ReadProcessMemory 要求または WriteProcessMemory 要求の一部だけを完了しました。 (0x12B)
[1012/214604:WARNING:pe_image_reader.cc(281)] could not read dos header from C:\WINDOWS\System32\msvcp_win.dll
[1012/214604:ERROR:process_reader_win.cc(233)] ReadMemory at 0x74650000 of 64 bytes failed: ReadProcessMemory 要求または WriteProcessMemory 要求の一部だけを完了しました。 (0x12B)
[1012/214604:WARNING:pe_image_reader.cc(281)] could not read dos header from C:\WINDOWS\System32\OLEAUT32.dll
[1012/214604:ERROR:process_reader_win.cc(233)] ReadMemory at 0x745d0000 of 64 bytes failed: ReadProcessMemory 要求または WriteProcessMemory 要求の一部だけを完了しました。 (0x12B)
[1012/214604:WARNING:pe_image_reader.cc(281)] could not read dos header from C:\WINDOWS\System32\advapi32.dll
[1012/214604:ERROR:process_reader_win.cc(233)] ReadMemory at 0x72a00000 of 64 bytes failed: ReadProcessMemory 要求または WriteProcessMemory 要求の一部だけを完了しました。 (0x12B)
[1012/214604:WARNING:pe_image_reader.cc(281)] could not read dos header from C:\WINDOWS\SYSTEM32\MSACM32.dll
[1012/214604:ERROR:process_reader_win.cc(233)] ReadMemory at 0x732e0000 of 64 bytes failed: ReadProcessMemory 要求または WriteProcessMemory 要求の一部だけを完了しました。 (0x12B)
[1012/214604:WARNING:pe_image_reader.cc(281)] could not read dos header from C:\WINDOWS\SYSTEM32\VERSION.dll
[1012/214604:ERROR:process_reader_win.cc(233)] ReadMemory at 0x74100000 of 64 bytes failed: ReadProcessMemory 要求または WriteProcessMemory 要求の一部だけを完了しました。 (0x12B)
[1012/214604:WARNING:pe_image_reader.cc(281)] could not read dos header from C:\WINDOWS\System32\powrprof.dll
[1012/214604:ERROR:process_reader_win.cc(233)] ReadMemory at 0x75440000 of 64 bytes failed: ReadProcessMemory 要求または WriteProcessMemory 要求の一部だけを完了しました。 (0x12B)
[1012/214604:WARNING:pe_image_reader.cc(281)] could not read dos header from C:\WINDOWS\System32\kernel.appcore.dll
[1012/214604:ERROR:process_reader_win.cc(233)] ReadMemory at 0x74210000 of 64 bytes failed: ReadProcessMemory 要求または WriteProcessMemory 要求の一部だけを完了しました。 (0x12B)
[1012/214604:WARNING:pe_image_reader.cc(281)] could not read dos header from C:\WINDOWS\System32\shcore.dll
[1012/214604:ERROR:process_reader_win.cc(233)] ReadMemory at 0x74a10000 of 64 bytes failed: ReadProcessMemory 要求または WriteProcessMemory 要求の一部だけを完了しました。 (0x12B)
[1012/214604:WARNING:pe_image_reader.cc(281)] could not read dos header from C:\WINDOWS\System32\profapi.dll
[1012/214604:ERROR:process_reader_win.cc(233)] ReadMemory at 0x75940000 of 64 bytes failed: ReadProcessMemory 要求または WriteProcessMemory 要求の一部だけを完了しました。 (0x12B)
[1012/214604:WARNING:pe_image_reader.cc(281)] could not read dos header from C:\WINDOWS\System32\windows.storage.dll
[1012/214604:ERROR:process_reader_win.cc(233)] ReadMemory at 0x75eb0000 of 64 bytes failed: ReadProcessMemory 要求または WriteProcessMemory 要求の一部だけを完了しました。 (0x12B)
[1012/214604:WARNING:pe_image_reader.cc(281)] could not read dos header from C:\WINDOWS\System32\SHELL32.dll
[1012/214604:ERROR:process_reader_win.cc(233)] ReadMemory at 0x73280000 of 64 bytes failed: ReadProcessMemory 要求または WriteProcessMemory 要求の一部だけを完了しました。 (0x12B)
[1012/214604:WARNING:pe_image_reader.cc(281)] could not read dos header from C:\WINDOWS\SYSTEM32\USERENV.dll
[1012/214604:ERROR:process_reader_win.cc(233)] ReadMemory at 0x72940000 of 64 bytes failed: ReadProcessMemory 要求または WriteProcessMemory 要求の一部だけを完了しました。 (0x12B)
[1012/214604:WARNING:pe_image_reader.cc(281)] could not read dos header from C:\WINDOWS\SYSTEM32\dwmapi.dll
[1012/214604:ERROR:process_reader_win.cc(233)] ReadMemory at 0x72d20000 of 64 bytes failed: ReadProcessMemory 要求または WriteProcessMemory 要求の一部だけを完了しました。 (0x12B)
[1012/214604:WARNING:pe_image_reader.cc(281)] could not read dos header from C:\WINDOWS\SYSTEM32\iertutil.dll
[1012/214604:ERROR:process_reader_win.cc(233)] ReadMemory at 0x72f90000 of 64 bytes failed: ReadProcessMemory 要求または WriteProcessMemory 要求の一部だけを完了しました。 (0x12B)
[1012/214604:WARNING:pe_image_reader.cc(281)] could not read dos header from C:\WINDOWS\SYSTEM32\urlmon.dll
[1012/214604:ERROR:process_reader_win.cc(233)] ReadMemory at 0x72f50000 of 64 bytes failed: ReadProcessMemory 要求または WriteProcessMemory 要求の一部だけを完了しました。 (0x12B)
[1012/214604:WARNING:pe_image_reader.cc(281)] could not read dos header from C:\WINDOWS\SYSTEM32\bcrypt.dll
[1012/214604:ERROR:process_reader_win.cc(233)] ReadMemory at 0x72500000 of 64 bytes failed: ReadProcessMemory 要求または WriteProcessMemory 要求の一部だけを完了しました。 (0x12B)
[1012/214604:WARNING:pe_image_reader.cc(281)] could not read dos header from C:\WINDOWS\SYSTEM32\WINSPOOL.DRV
[1012/214604:ERROR:process_reader_win.cc(233)] ReadMemory at 0x72980000 of 64 bytes failed: ReadProcessMemory 要求または WriteProcessMemory 要求の一部だけを完了しました。 (0x12B)
[1012/214604:WARNING:pe_image_reader.cc(281)] could not read dos header from C:\WINDOWS\SYSTEM32\MPR.dll
[1012/214604:ERROR:process_reader_win.cc(233)] ReadMemory at 0x724b0000 of 64 bytes failed: ReadProcessMemory 要求または WriteProcessMemory 要求の一部だけを完了しました。 (0x12B)
[1012/214604:WARNING:pe_image_reader.cc(281)] could not read dos header from C:\Program Files (x86)\Google\Chrome\Application\53.0.2785.143\chrome_elf.dll
[1012/214604:ERROR:process_reader_win.cc(233)] ReadMemory at 0x732d0000 of 64 bytes failed: ReadProcessMemory 要求または WriteProcessMemory 要求の一部だけを完了しました。 (0x12B)
[1012/214604:WARNING:pe_image_reader.cc(281)] could not read dos header from C:\WINDOWS\SYSTEM32\WTSAPI32.dll
[1012/214604:ERROR:process_reader_win.cc(233)] ReadMemory at 0x731e0000 of 64 bytes failed: ReadProcessMemory 要求または WriteProcessMemory 要求の一部だけを完了しました。 (0x12B)
[1012/214604:WARNING:pe_image_reader.cc(281)] could not read dos header from C:\WINDOWS\SYSTEM32\WINHTTP.dll
[1012/214604:ERROR:process_reader_win.cc(233)] ReadMemory at 0x72460000 of 64 bytes failed: ReadProcessMemory 要求または WriteProcessMemory 要求の一部だけを完了しました。 (0x12B)
[1012/214604:WARNING:pe_image_reader.cc(281)] could not read dos header from C:\WINDOWS\SYSTEM32\ninput.dll
[1012/214604:ERROR:process_reader_win.cc(233)] ReadMemory at 0x74440000 of 64 bytes failed: ReadProcessMemory 要求または WriteProcessMemory 要求の一部だけを完了しました。 (0x12B)
[1012/214604:WARNING:pe_image_reader.cc(281)] could not read dos header from C:\WINDOWS\System32\PSAPI.DLL
[1012/214604:ERROR:process_reader_win.cc(233)] ReadMemory at 0x72b10000 of 64 bytes failed: ReadProcessMemory 要求または WriteProcessMemory 要求の一部だけを完了しました。 (0x12B)
[1012/214604:WARNING:pe_image_reader.cc(281)] could not read dos header from C:\WINDOWS\WinSxS\x86_microsoft.windows.common-controls_6595b64144ccf1df_6.0.14393.0_none_74bc87d3d22d9abe\COMCTL32.dll
[1012/214604:ERROR:process_reader_win.cc(233)] ReadMemory at 0x73e90000 of 64 bytes failed: ReadProcessMemory 要求または WriteProcessMemory 要求の一部だけを完了しました。 (0x12B)
[1012/214604:WARNING:pe_image_reader.cc(281)] could not read dos header from C:\WINDOWS\System32\COMDLG32.dll
[1012/214604:ERROR:process_reader_win.cc(233)] ReadMemory at 0x732a0000 of 64 bytes failed: ReadProcessMemory 要求または WriteProcessMemory 要求の一部だけを完了しました。 (0x12B)
[1012/214604:WARNING:pe_image_reader.cc(281)] could not read dos header from C:\WINDOWS\SYSTEM32\IPHLPAPI.DLL
[1012/214604:ERROR:process_reader_win.cc(233)] ReadMemory at 0x753d0000 of 64 bytes failed: ReadProcessMemory 要求または WriteProcessMemory 要求の一部だけを完了しました。 (0x12B)
[1012/214604:WARNING:pe_image_reader.cc(281)] could not read dos header from C:\WINDOWS\System32\WS2_32.dll
[1012/214604:ERROR:process_reader_win.cc(233)] ReadMemory at 0x72440000 of 64 bytes failed: ReadProcessMemory 要求または WriteProcessMemory 要求の一部だけを完了しました。 (0x12B)
[1012/214604:WARNING:pe_image_reader.cc(281)] could not read dos header from C:\WINDOWS\SYSTEM32\USP10.dll
[1012/214604:ERROR:process_reader_win.cc(233)] ReadMemory at 0x755b0000 of 64 bytes failed: ReadProcessMemory 要求または WriteProcessMemory 要求の一部だけを完了しました。 (0x12B)
[1012/214604:WARNING:pe_image_reader.cc(281)] could not read dos header from C:\WINDOWS\System32\MSASN1.dll
[1012/214604:ERROR:process_reader_win.cc(233)] ReadMemory at 0x742c0000 of 64 bytes failed: ReadProcessMemory 要求または WriteProcessMemory 要求の一部だけを完了しました。 (0x12B)
[1012/214604:WARNING:pe_image_reader.cc(281)] could not read dos header from C:\WINDOWS\System32\CRYPT32.dll
[1012/214604:ERROR:process_reader_win.cc(233)] ReadMemory at 0x75770000 of 64 bytes failed: ReadProcessMemory 要求または WriteProcessMemory 要求の一部だけを完了しました。 (0x12B)
[1012/214604:WARNING:pe_image_reader.cc(281)] could not read dos header from C:\WINDOWS\System32\WINTRUST.dll
[1012/214604:ERROR:process_reader_win.cc(233)] ReadMemory at 0x731b0000 of 64 bytes failed: ReadProcessMemory 要求または WriteProcessMemory 要求の一部だけを完了しました。 (0x12B)
[1012/214604:WARNING:pe_image_reader.cc(281)] could not read dos header from C:\WINDOWS\SYSTEM32\Secur32.dll
[1012/214604:ERROR:process_reader_win.cc(233)] ReadMemory at 0x6b520000 of 64 bytes failed: ReadProcessMemory 要求または WriteProcessMemory 要求の一部だけを完了しました。 (0x12B)
[1012/214604:WARNING:pe_image_reader.cc(281)] could not read dos header from C:\Program Files (x86)\Google\Chrome\Application\53.0.2785.143\chrome_child.dll
[1012/214604:ERROR:process_reader_win.cc(233)] ReadMemory at 0x721d0000 of 64 bytes failed: ReadProcessMemory 要求または WriteProcessMemory 要求の一部だけを完了しました。 (0x12B)
[1012/214604:WARNING:pe_image_reader.cc(281)] could not read dos header from C:\WINDOWS\SYSTEM32\dwrite.dll
[1012/214604:ERROR:process_reader_win.cc(233)] ReadMemory at 0xd40000 of 64 bytes failed: ReadProcessMemory 要求または WriteProcessMemory 要求の一部だけを完了しました。 (0x12B)
[1012/214604:WARNING:pe_image_reader.cc(281)] could not read dos header from C:\Program Files (x86)\Google\Chrome\Application\chrome.exe
[1012/214604:ERROR:process_reader_win.cc(233)] ReadMemory at 0x77290000 of 64 bytes failed: ReadProcessMemory 要求または WriteProcessMemory 要求の一部だけを完了しました。 (0x12B)
[1012/214604:WARNING:pe_image_reader.cc(281)] could not read dos header from C:\WINDOWS\SYSTEM32\ntdll.dll
[1012/214604:ERROR:process_reader_win.cc(233)] ReadMemory at 0x74860000 of 64 bytes failed: ReadProcessMemory 要求または WriteProcessMemory 要求の一部だけを完了しました。 (0x12B)
[1012/214604:WARNING:pe_image_reader.cc(281)] could not read dos header from C:\WINDOWS\System32\KERNELBASE.dll
[1012/214604:ERROR:process_reader_win.cc(233)] ReadMemory at 0x75030000 of 64 bytes failed: ReadProcessMemory 要求または WriteProcessMemory 要求の一部だけを完了しました。 (0x12B)
[1012/214604:WARNING:pe_image_reader.cc(281)] could not read dos header from C:\WINDOWS\System32\KERNEL32.DLL
[1012/214604:ERROR:process_reader_win.cc(233)] ReadMemory at 0x727e0000 of 64 bytes failed: ReadProcessMemory 要求または WriteProcessMemory 要求の一部だけを完了しました。 (0x12B)
[1012/214604:WARNING:pe_image_reader.cc(281)] could not read dos header from C:\WINDOWS\system32\apphelp.dll
[1012/214604:ERROR:process_reader_win.cc(233)] ReadMemory at 0x72570000 of 64 bytes failed: ReadProcessMemory 要求または WriteProcessMemory 要求の一部だけを完了しました。 (0x12B)
[1012/214604:WARNING:pe_image_reader.cc(281)] could not read dos header from C:\WINDOWS\AppPatch\AcGenral.dll
[1012/214604:ERROR:process_reader_win.cc(233)] ReadMemory at 0x74150000 of 64 bytes failed: ReadProcessMemory 要求または WriteProcessMemory 要求の一部だけを完了しました。 (0x12B)
[1012/214604:WARNING:pe_image_reader.cc(281)] could not read dos header from C:\WINDOWS\System32\msvcrt.dll
[1012/214604:ERROR:process_reader_win.cc(233)] ReadMemory at 0x73f90000 of 64 bytes failed: ReadProcessMemory 要求または WriteProcessMemory 要求の一部だけを完了しました。 (0x12B)
[1012/214604:WARNING:pe_image_reader.cc(281)] could not read dos header from C:\WINDOWS\System32\bcryptPrimitives.dll
[1012/214604:ERROR:process_reader_win.cc(233)] ReadMemory at 0x73d40000 of 64 bytes failed: ReadProcessMemory 要求または WriteProcessMemory 要求の一部だけを完了しました。 (0x12B)
[1012/214604:WARNING:pe_image_reader.cc(281)] could not read dos header from C:\WINDOWS\System32\CRYPTBASE.dll
[1012/214604:ERROR:process_reader_win.cc(233)] ReadMemory at 0x73d50000 of 64 bytes failed: ReadProcessMemory 要求または WriteProcessMemory 要求の一部だけを完了しました。 (0x12B)
[1012/214604:WARNING:pe_image_reader.cc(281)] could not read dos header from C:\WINDOWS\System32\SspiCli.dll
[1012/214604:ERROR:process_reader_win.cc(233)] ReadMemory at 0x73ff0000 of 64 bytes failed: ReadProcessMemory 要求または WriteProcessMemory 要求の一部だけを完了しました。 (0x12B)
[1012/214604:WARNING:pe_image_reader.cc(281)] could not read dos header from C:\WINDOWS\System32\RPCRT4.dll
[1012/214604:ERROR:process_reader_win.cc(233)] ReadMemory at 0x755c0000 of 64 bytes failed: ReadProcessMemory 要求または WriteProcessMemory 要求の一部だけを完了しました。 (0x12B)
[1012/214604:WARNING:pe_image_reader.cc(281)] could not read dos header from C:\WINDOWS\System32\sechost.dll
[1012/214604:ERROR:process_reader_win.cc(233)] ReadMemory at 0x75450000 of 64 bytes failed: ReadProcessMemory 要求または WriteProcessMemory 要求の一部だけを完了しました。 (0x12B)
[1012/214604:WARNING:pe_image_reader.cc(281)] could not read dos header from C:\WINDOWS\System32\ucrtbase.dll
[1012/214604:ERROR:process_reader_win.cc(233)] ReadMemory at 0x75110000 of 64 bytes failed: ReadProcessMemory 要求または WriteProcessMemory 要求の一部だけを完了しました。 (0x12B)
[1012/214604:WARNING:pe_image_reader.cc(281)] could not read dos header from C:\WINDOWS\System32\combase.dll
[1012/214604:ERROR:process_reader_win.cc(233)] ReadMemory at 0x742a0000 of 64 bytes failed: ReadProcessMemory 要求または WriteProcessMemory 要求の一部だけを完了しました。 (0x12B)
[1012/214604:WARNING:pe_image_reader.cc(281)] could not read dos header from C:\WINDOWS\System32\win32u.dll
[1012/214604:ERROR:process_reader_win.cc(233)] ReadMemory at 0x757c0000 of 64 bytes failed: ReadProcessMemory 要求または WriteProcessMemory 要求の一部だけを完了しました。 (0x12B)
[1012/214604:WARNING:pe_image_reader.cc(281)] could not read dos header from C:\WINDOWS\System32\USER32.dll
[1012/214604:ERROR:process_reader_win.cc(233)] ReadMemory at 0x75610000 of 64 bytes failed: ReadProcessMemory 要求または WriteProcessMemory 要求の一部だけを完了しました。 (0x12B)
[1012/214604:WARNING:pe_image_reader.cc(281)] could not read dos header from C:\WINDOWS\System32\gdi32full.dll
[1012/214604:ERROR:process_reader_win.cc(233)] ReadMemory at 0x73e60000 of 64 bytes failed: ReadProcessMemory 要求または WriteProcessMemory 要求の一部だけを完了しました。 (0x12B)
[1012/214604:WARNING:pe_image_reader.cc(281)] could not read dos header from C:\WINDOWS\System32\GDI32.dll
[1012/214604:ERROR:process_reader_win.cc(233)] ReadMemory at 0x74540000 of 64 bytes failed: ReadProcessMemory 要求または WriteProcessMemory 要求の一部だけを完了しました。 (0x12B)
[1012/214604:WARNING:pe_image_reader.cc(281)] could not read dos header from C:\WINDOWS\System32\IMM32.DLL
[1012/214604:ERROR:process_reader_win.cc(233)] ReadMemory at 0x74ea0000 of 64 bytes failed: ReadProcessMemory 要求または WriteProcessMemory 要求の一部だけを完了しました。 (0x12B)
[1012/214604:WARNING:pe_image_reader.cc(281)] could not read dos header from C:\WINDOWS\System32\SHLWAPI.dll
[1012/214604:ERROR:process_reader_win.cc(233)] ReadMemory at 0x72a40000 of 64 bytes failed: ReadProcessMemory 要求または WriteProcessMemory 要求の一部だけを完了しました。 (0x12B)
[1012/214604:WARNING:pe_image_reader.cc(281)] could not read dos header from C:\WINDOWS\SYSTEM32\UxTheme.dll
[1012/214604:ERROR:process_reader_win.cc(233)] ReadMemory at 0x740c0000 of 64 bytes failed: ReadProcessMemory 要求または WriteProcessMemory 要求の一部だけを完了しました。 (0x12B)
[1012/214604:WARNING:pe_image_reader.cc(281)] could not read dos header from C:\WINDOWS\System32\cfgmgr32.dll
[1012/214604:ERROR:process_reader_win.cc(233)] ReadMemory at 0x73130000 of 64 bytes failed: ReadProcessMemory 要求または WriteProcessMemory 要求の一部だけを完了しました。 (0x12B)
[1012/214604:WARNING:pe_image_reader.cc(281)] could not read dos header from C:\WINDOWS\SYSTEM32\WINMMBASE.dll
[1012/214604:ERROR:process_reader_win.cc(233)] ReadMemory at 0x73180000 of 64 bytes failed: ReadProcessMemory 要求または WriteProcessMemory 要求の一部だけを完了しました。 (0x12B)
[1012/214604:WARNING:pe_image_reader.cc(281)] could not read dos header from C:\WINDOWS\SYSTEM32\WINMM.dll
[1012/214604:ERROR:process_reader_win.cc(233)] ReadMemory at 0x72a20000 of 64 bytes failed: ReadProcessMemory 要求または WriteProcessMemory 要求の一部だけを完了しました。 (0x12B)
[1012/214604:WARNING:pe_image_reader.cc(281)] could not read dos header from C:\WINDOWS\SYSTEM32\samcli.dll
[1012/214604:ERROR:process_reader_win.cc(233)] ReadMemory at 0x73d70000 of 64 bytes failed: ReadProcessMemory 要求または WriteProcessMemory 要求の一部だけを完了しました。 (0x12B)
[1012/214604:WARNING:pe_image_reader.cc(281)] could not read dos header from C:\WINDOWS\System32\ole32.dll
[1012/214604:ERROR:process_reader_win.cc(233)] ReadMemory at 0x75530000 of 64 bytes failed: ReadProcessMemory 要求または WriteProcessMemory 要求の一部だけを完了しました。 (0x12B)
[1012/214604:WARNING:pe_image_reader.cc(281)] could not read dos header from C:\WINDOWS\System32\msvcp_win.dll
[1012/214604:ERROR:process_reader_win.cc(233)] ReadMemory at 0x74650000 of 64 bytes failed: ReadProcessMemory 要求または WriteProcessMemory 要求の一部だけを完了しました。 (0x12B)
[1012/214604:WARNING:pe_image_reader.cc(281)] could not read dos header from C:\WINDOWS\System32\OLEAUT32.dll
[1012/214604:ERROR:process_reader_win.cc(233)] ReadMemory at 0x745d0000 of 64 bytes failed: ReadProcessMemory 要求または WriteProcessMemory 要求の一部だけを完了しました。 (0x12B)
[1012/214604:WARNING:pe_image_reader.cc(281)] could not read dos header from C:\WINDOWS\System32\advapi32.dll
[1012/214604:ERROR:process_reader_win.cc(233)] ReadMemory at 0x72a00000 of 64 bytes failed: ReadProcessMemory 要求または WriteProcessMemory 要求の一部だけを完了しました。 (0x12B)
[1012/214604:WARNING:pe_image_reader.cc(281)] could not read dos header from C:\WINDOWS\SYSTEM32\MSACM32.dll
[1012/214604:ERROR:process_reader_win.cc(233)] ReadMemory at 0x732e0000 of 64 bytes failed: ReadProcessMemory 要求または WriteProcessMemory 要求の一部だけを完了しました。 (0x12B)
[1012/214604:WARNING:pe_image_reader.cc(281)] could not read dos header from C:\WINDOWS\SYSTEM32\VERSION.dll
[1012/214604:ERROR:process_reader_win.cc(233)] ReadMemory at 0x74100000 of 64 bytes failed: ReadProcessMemory 要求または WriteProcessMemory 要求の一部だけを完了しました。 (0x12B)
[1012/214604:WARNING:pe_image_reader.cc(281)] could not read dos header from C:\WINDOWS\System32\powrprof.dll
[1012/214604:ERROR:process_reader_win.cc(233)] ReadMemory at 0x75440000 of 64 bytes failed: ReadProcessMemory 要求または WriteProcessMemory 要求の一部だけを完了しました。 (0x12B)
[1012/214604:WARNING:pe_image_reader.cc(281)] could not read dos header from C:\WINDOWS\System32\kernel.appcore.dll
[1012/214604:ERROR:process_reader_win.cc(233)] ReadMemory at 0x74210000 of 64 bytes failed: ReadProcessMemory 要求または WriteProcessMemory 要求の一部だけを完了しました。 (0x12B)
[1012/214604:WARNING:pe_image_reader.cc(281)] could not read dos header from C:\WINDOWS\System32\shcore.dll
[1012/214604:ERROR:process_reader_win.cc(233)] ReadMemory at 0x74a10000 of 64 bytes failed: ReadProcessMemory 要求または WriteProcessMemory 要求の一部だけを完了しました。 (0x12B)
[1012/214604:WARNING:pe_image_reader.cc(281)] could not read dos header from C:\WINDOWS\System32\profapi.dll
[1012/214604:ERROR:process_reader_win.cc(233)] ReadMemory at 0x75940000 of 64 bytes failed: ReadProcessMemory 要求または WriteProcessMemory 要求の一部だけを完了しました。 (0x12B)
[1012/214604:WARNING:pe_image_reader.cc(281)] could not read dos header from C:\WINDOWS\System32\windows.storage.dll
[1012/214604:ERROR:process_reader_win.cc(233)] ReadMemory at 0x75eb0000 of 64 bytes failed: ReadProcessMemory 要求または WriteProcessMemory 要求の一部だけを完了しました。 (0x12B)
[1012/214604:WARNING:pe_image_reader.cc(281)] could not read dos header from C:\WINDOWS\System32\SHELL32.dll
[1012/214604:ERROR:process_reader_win.cc(233)] ReadMemory at 0x73280000 of 64 bytes failed: ReadProcessMemory 要求または WriteProcessMemory 要求の一部だけを完了しました。 (0x12B)
[1012/214604:WARNING:pe_image_reader.cc(281)] could not read dos header from C:\WINDOWS\SYSTEM32\USERENV.dll
[1012/214604:ERROR:process_reader_win.cc(233)] ReadMemory at 0x72940000 of 64 bytes failed: ReadProcessMemory 要求または WriteProcessMemory 要求の一部だけを完了しました。 (0x12B)
[1012/214604:WARNING:pe_image_reader.cc(281)] could not read dos header from C:\WINDOWS\SYSTEM32\dwmapi.dll
[1012/214604:ERROR:process_reader_win.cc(233)] ReadMemory at 0x72d20000 of 64 bytes failed: ReadProcessMemory 要求または WriteProcessMemory 要求の一部だけを完了しました。 (0x12B)
[1012/214604:WARNING:pe_image_reader.cc(281)] could not read dos header from C:\WINDOWS\SYSTEM32\iertutil.dll
[1012/214604:ERROR:process_reader_win.cc(233)] ReadMemory at 0x72f90000 of 64 bytes failed: ReadProcessMemory 要求または WriteProcessMemory 要求の一部だけを完了しました。 (0x12B)
[1012/214604:WARNING:pe_image_reader.cc(281)] could not read dos header from C:\WINDOWS\SYSTEM32\urlmon.dll
[1012/214604:ERROR:process_reader_win.cc(233)] ReadMemory at 0x72f50000 of 64 bytes failed: ReadProcessMemory 要求または WriteProcessMemory 要求の一部だけを完了しました。 (0x12B)
[1012/214604:WARNING:pe_image_reader.cc(281)] could not read dos header from C:\WINDOWS\SYSTEM32\bcrypt.dll
[1012/214604:ERROR:process_reader_win.cc(233)] ReadMemory at 0x72500000 of 64 bytes failed: ReadProcessMemory 要求または WriteProcessMemory 要求の一部だけを完了しました。 (0x12B)
[1012/214604:WARNING:pe_image_reader.cc(281)] could not read dos header from C:\WINDOWS\SYSTEM32\WINSPOOL.DRV
[1012/214604:ERROR:process_reader_win.cc(233)] ReadMemory at 0x72980000 of 64 bytes failed: ReadProcessMemory 要求または WriteProcessMemory 要求の一部だけを完了しました。 (0x12B)
[1012/214604:WARNING:pe_image_reader.cc(281)] could not read dos header from C:\WINDOWS\SYSTEM32\MPR.dll
[1012/214604:ERROR:process_reader_win.cc(233)] ReadMemory at 0x724b0000 of 64 bytes failed: ReadProcessMemory 要求または WriteProcessMemory 要求の一部だけを完了しました。 (0x12B)
[1012/214604:WARNING:pe_image_reader.cc(281)] could not read dos header from C:\Program Files (x86)\Google\Chrome\Application\53.0.2785.143\chrome_elf.dll
[1012/214604:ERROR:process_reader_win.cc(233)] ReadMemory at 0x732d0000 of 64 bytes failed: ReadProcessMemory 要求または WriteProcessMemory 要求の一部だけを完了しました。 (0x12B)
[1012/214604:WARNING:pe_image_reader.cc(281)] could not read dos header from C:\WINDOWS\SYSTEM32\WTSAPI32.dll
[1012/214604:ERROR:process_reader_win.cc(233)] ReadMemory at 0x731e0000 of 64 bytes failed: ReadProcessMemory 要求または WriteProcessMemory 要求の一部だけを完了しました。 (0x12B)
[1012/214604:WARNING:pe_image_reader.cc(281)] could not read dos header from C:\WINDOWS\SYSTEM32\WINHTTP.dll
[1012/214604:ERROR:process_reader_win.cc(233)] ReadMemory at 0x72460000 of 64 bytes failed: ReadProcessMemory 要求または WriteProcessMemory 要求の一部だけを完了しました。 (0x12B)
[1012/214604:WARNING:pe_image_reader.cc(281)] could not read dos header from C:\WINDOWS\SYSTEM32\ninput.dll
[1012/214604:ERROR:process_reader_win.cc(233)] ReadMemory at 0x74440000 of 64 bytes failed: ReadProcessMemory 要求または WriteProcessMemory 要求の一部だけを完了しました。 (0x12B)
[1012/214604:WARNING:pe_image_reader.cc(281)] could not read dos header from C:\WINDOWS\System32\PSAPI.DLL
[1012/214604:ERROR:process_reader_win.cc(233)] ReadMemory at 0x72b10000 of 64 bytes failed: ReadProcessMemory 要求または WriteProcessMemory 要求の一部だけを完了しました。 (0x12B)
[1012/214604:WARNING:pe_image_reader.cc(281)] could not read dos header from C:\WINDOWS\WinSxS\x86_microsoft.windows.common-controls_6595b64144ccf1df_6.0.14393.0_none_74bc87d3d22d9abe\COMCTL32.dll
[1012/214604:ERROR:process_reader_win.cc(233)] ReadMemory at 0x73e90000 of 64 bytes failed: ReadProcessMemory 要求または WriteProcessMemory 要求の一部だけを完了しました。 (0x12B)
[1012/214604:WARNING:pe_image_reader.cc(281)] could not read dos header from C:\WINDOWS\System32\COMDLG32.dll
[1012/214604:ERROR:process_reader_win.cc(233)] ReadMemory at 0x732a0000 of 64 bytes failed: ReadProcessMemory 要求または WriteProcessMemory 要求の一部だけを完了しました。 (0x12B)
[1012/214604:WARNING:pe_image_reader.cc(281)] could not read dos header from C:\WINDOWS\SYSTEM32\IPHLPAPI.DLL
[1012/214604:ERROR:process_reader_win.cc(233)] ReadMemory at 0x753d0000 of 64 bytes failed: ReadProcessMemory 要求または WriteProcessMemory 要求の一部だけを完了しました。 (0x12B)
[1012/214604:WARNING:pe_image_reader.cc(281)] could not read dos header from C:\WINDOWS\System32\WS2_32.dll
[1012/214604:ERROR:process_reader_win.cc(233)] ReadMemory at 0x72440000 of 64 bytes failed: ReadProcessMemory 要求または WriteProcessMemory 要求の一部だけを完了しました。 (0x12B)
[1012/214604:WARNING:pe_image_reader.cc(281)] could not read dos header from C:\WINDOWS\SYSTEM32\USP10.dll
[1012/214604:ERROR:process_reader_win.cc(233)] ReadMemory at 0x755b0000 of 64 bytes failed: ReadProcessMemory 要求または WriteProcessMemory 要求の一部だけを完了しました。 (0x12B)
[1012/214604:WARNING:pe_image_reader.cc(281)] could not read dos header from C:\WINDOWS\System32\MSASN1.dll
[1012/214604:ERROR:process_reader_win.cc(233)] ReadMemory at 0x742c0000 of 64 bytes failed: ReadProcessMemory 要求または WriteProcessMemory 要求の一部だけを完了しました。 (0x12B)
[1012/214604:WARNING:pe_image_reader.cc(281)] could not read dos header from C:\WINDOWS\System32\CRYPT32.dll
[1012/214604:ERROR:process_reader_win.cc(233)] ReadMemory at 0x75770000 of 64 bytes failed: ReadProcessMemory 要求または WriteProcessMemory 要求の一部だけを完了しました。 (0x12B)
[1012/214604:WARNING:pe_image_reader.cc(281)] could not read dos header from C:\WINDOWS\System32\WINTRUST.dll
[1012/214604:ERROR:process_reader_win.cc(233)] ReadMemory at 0x731b0000 of 64 bytes failed: ReadProcessMemory 要求または WriteProcessMemory 要求の一部だけを完了しました。 (0x12B)
[1012/214604:WARNING:pe_image_reader.cc(281)] could not read dos header from C:\WINDOWS\SYSTEM32\Secur32.dll
[1012/214604:ERROR:process_reader_win.cc(233)] ReadMemory at 0x6b520000 of 64 bytes failed: ReadProcessMemory 要求または WriteProcessMemory 要求の一部だけを完了しました。 (0x12B)
[1012/214604:WARNING:pe_image_reader.cc(281)] could not read dos header from C:\Program Files (x86)\Google\Chrome\Application\53.0.2785.143\chrome_child.dll
[1012/214604:ERROR:process_reader_win.cc(233)] ReadMemory at 0x721d0000 of 64 bytes failed: ReadProcessMemory 要求または WriteProcessMemory 要求の一部だけを完了しました。 (0x12B)
[1012/214604:WARNING:pe_image_reader.cc(281)] could not read dos header from C:\WINDOWS\SYSTEM32\dwrite.dll
[1012/214604:ERROR:process_reader_win.cc(233)] ReadMemory at 0x8f3000 of 53248 bytes failed: ReadProcessMemory 要求または WriteProcessMemory 要求の一部だけを完了しました。 (0x12B)
[1012/214604:ERROR:crash_report_exception_handler.cc(98)] WriteEverything failed
[1012/214604:ERROR:scoped_process_suspend.cc(38)] NtResumeProcess: 既存のプロセスにアクセスしようとしました。  (0xc000010a)
